{"numTotalTestSuites":16,"numPassedTestSuites":16,"numFailedTestSuites":0,"numPendingTestSuites":0,"numTotalTests":53,"numPassedTests":53,"numFailedTests":0,"numPendingTests":0,"numTodoTests":0,"snapshot":{"added":0,"failure":false,"filesAdded":0,"filesRemoved":0,"filesRemovedList":[],"filesUnmatched":0,"filesUpdated":0,"matched":0,"total":0,"unchecked":0,"uncheckedKeysByFile":[],"unmatched":0,"updated":0,"didUpdate":false},"startTime":1768144326885,"success":true,"testResults":[{"assertionResults":[{"ancestorTitles":["env","env schema validation with valid environment variables"],"fullName":"env env schema validation with valid environment variables should parse all required environment variables successfully","status":"passed","title":"should parse all required environment variables successfully","duration":3.0470420000000047,"failureMessages":[],"meta":{}},{"ancestorTitles":["env","env schema validation with valid environment variables"],"fullName":"env env schema validation with valid environment variables should parse PORT as number when provided as string","status":"passed","title":"should parse PORT as number when provided as string","duration":0.6723329999999947,"failureMessages":[],"meta":{}},{"ancestorTitles":["env","env schema validation with valid environment variables"],"fullName":"env env schema validation with valid environment variables should accept production NODE_ENV","status":"passed","title":"should accept production NODE_ENV","duration":1.019207999999992,"failureMessages":[],"meta":{}},{"ancestorTitles":["env","env schema validation with valid environment variables"],"fullName":"env env schema validation with valid environment variables should accept test NODE_ENV","status":"passed","title":"should accept test NODE_ENV","duration":0.36199999999999477,"failureMessages":[],"meta":{}},{"ancestorTitles":["env","env schema validation with valid environment variables"],"fullName":"env env schema validation with valid environment variables should handle optional APP_URL when not provided","status":"passed","title":"should handle optional APP_URL when not provided","duration":0.3219169999999991,"failureMessages":[],"meta":{}},{"ancestorTitles":["env","default values"],"fullName":"env default values should use default PORT when not provided","status":"passed","title":"should use default PORT when not provided","duration":0.32850000000000534,"failureMessages":[],"meta":{}},{"ancestorTitles":["env","default values"],"fullName":"env default values should use default NODE_ENV when not provided","status":"passed","title":"should use default NODE_ENV when not provided","duration":0.2909999999999968,"failureMessages":[],"meta":{}},{"ancestorTitles":["env","default values"],"fullName":"env default values should use default CORS_ORIGIN when not provided","status":"passed","title":"should use default CORS_ORIGIN when not provided","duration":0.29683299999999235,"failureMessages":[],"meta":{}},{"ancestorTitles":["env","default values"],"fullName":"env default values should use default REDIS_URL when not provided","status":"passed","title":"should use default REDIS_URL when not provided","duration":0.32800000000000296,"failureMessages":[],"meta":{}},{"ancestorTitles":["env","validation errors - missing required variables"],"fullName":"env validation errors - missing required variables should throw error when SUPABASE_URL is missing","status":"passed","title":"should throw error when SUPABASE_URL is missing","duration":0.8758750000000077,"failureMessages":[],"meta":{}},{"ancestorTitles":["env","validation errors - missing required variables"],"fullName":"env validation errors - missing required variables should throw error when SUPABASE_SERVICE_ROLE_KEY is missing","status":"passed","title":"should throw error when SUPABASE_SERVICE_ROLE_KEY is missing","duration":0.35841700000000287,"failureMessages":[],"meta":{}},{"ancestorTitles":["env","validation errors - missing required variables"],"fullName":"env validation errors - missing required variables should throw error when SUPABASE_JWT_SECRET is missing","status":"passed","title":"should throw error when SUPABASE_JWT_SECRET is missing","duration":0.3428339999999963,"failureMessages":[],"meta":{}},{"ancestorTitles":["env","validation errors - missing required variables"],"fullName":"env validation errors - missing required variables should throw error when TELEGRAM_BOT_TOKEN is missing","status":"passed","title":"should throw error when TELEGRAM_BOT_TOKEN is missing","duration":0.3499999999999943,"failureMessages":[],"meta":{}},{"ancestorTitles":["env","validation errors - missing required variables"],"fullName":"env validation errors - missing required variables should throw error when TELEGRAM_WEBHOOK_SECRET is missing","status":"passed","title":"should throw error when TELEGRAM_WEBHOOK_SECRET is missing","duration":0.33791700000000446,"failureMessages":[],"meta":{}},{"ancestorTitles":["env","validation errors - missing required variables"],"fullName":"env validation errors - missing required variables should throw error when GOPHER_API_KEY is missing","status":"passed","title":"should throw error when GOPHER_API_KEY is missing","duration":0.9510830000000112,"failureMessages":[],"meta":{}},{"ancestorTitles":["env","validation errors - missing required variables"],"fullName":"env validation errors - missing required variables should throw error when GOOGLE_GENERATIVE_AI_API_KEY is missing","status":"passed","title":"should throw error when GOOGLE_GENERATIVE_AI_API_KEY is missing","duration":0.41262499999999136,"failureMessages":[],"meta":{}},{"ancestorTitles":["env","validation errors - invalid values"],"fullName":"env validation errors - invalid values should throw error when SUPABASE_URL is not a valid URL","status":"passed","title":"should throw error when SUPABASE_URL is not a valid URL","duration":0.35679199999999867,"failureMessages":[],"meta":{}},{"ancestorTitles":["env","validation errors - invalid values"],"fullName":"env validation errors - invalid values should throw error when SUPABASE_SERVICE_ROLE_KEY is empty","status":"passed","title":"should throw error when SUPABASE_SERVICE_ROLE_KEY is empty","duration":0.4243749999999977,"failureMessages":[],"meta":{}},{"ancestorTitles":["env","validation errors - invalid values"],"fullName":"env validation errors - invalid values should throw error when SUPABASE_JWT_SECRET is empty","status":"passed","title":"should throw error when SUPABASE_JWT_SECRET is empty","duration":0.3521250000000009,"failureMessages":[],"meta":{}},{"ancestorTitles":["env","validation errors - invalid values"],"fullName":"env validation errors - invalid values should throw error when NODE_ENV has invalid value","status":"passed","title":"should throw error when NODE_ENV has invalid value","duration":0.3826670000000121,"failureMessages":[],"meta":{}},{"ancestorTitles":["env","validation errors - invalid values"],"fullName":"env validation errors - invalid values should throw error when APP_URL is not a valid URL","status":"passed","title":"should throw error when APP_URL is not a valid URL","duration":0.37504199999999344,"failureMessages":[],"meta":{}},{"ancestorTitles":["env","validation errors - invalid values"],"fullName":"env validation errors - invalid values should throw error when TELEGRAM_BOT_TOKEN is empty","status":"passed","title":"should throw error when TELEGRAM_BOT_TOKEN is empty","duration":0.35362499999999386,"failureMessages":[],"meta":{}},{"ancestorTitles":["env","validation errors - invalid values"],"fullName":"env validation errors - invalid values should throw error when TELEGRAM_WEBHOOK_SECRET is empty","status":"passed","title":"should throw error when TELEGRAM_WEBHOOK_SECRET is empty","duration":0.34858300000000497,"failureMessages":[],"meta":{}},{"ancestorTitles":["env","validation errors - invalid values"],"fullName":"env validation errors - invalid values should throw error when GOPHER_API_KEY is empty","status":"passed","title":"should throw error when GOPHER_API_KEY is empty","duration":0.33491599999999266,"failureMessages":[],"meta":{}},{"ancestorTitles":["env","validation errors - invalid values"],"fullName":"env validation errors - invalid values should throw error when GOOGLE_GENERATIVE_AI_API_KEY is empty","status":"passed","title":"should throw error when GOOGLE_GENERATIVE_AI_API_KEY is empty","duration":1.322499999999991,"failureMessages":[],"meta":{}},{"ancestorTitles":["env","type inference"],"fullName":"env type inference should correctly infer type from schema","status":"passed","title":"should correctly infer type from schema","duration":0.4749580000000009,"failureMessages":[],"meta":{}},{"ancestorTitles":["env","edge cases"],"fullName":"env edge cases should handle PORT as string that coerces to number","status":"passed","title":"should handle PORT as string that coerces to number","duration":0.43337499999999807,"failureMessages":[],"meta":{}},{"ancestorTitles":["env","edge cases"],"fullName":"env edge cases should handle whitespace in string values","status":"passed","title":"should handle whitespace in string values","duration":1.359250000000003,"failureMessages":[],"meta":{}},{"ancestorTitles":["env","edge cases"],"fullName":"env edge cases should handle REDIS_URL with authentication","status":"passed","title":"should handle REDIS_URL with authentication","duration":0.548917000000003,"failureMessages":[],"meta":{}},{"ancestorTitles":["env","edge cases"],"fullName":"env edge cases should handle SUPABASE_URL with trailing slash","status":"passed","title":"should handle SUPABASE_URL with trailing slash","duration":0.2675000000000125,"failureMessages":[],"meta":{}},{"ancestorTitles":["env","edge cases"],"fullName":"env edge cases should handle very long API keys","status":"passed","title":"should handle very long API keys","duration":0.28941700000000026,"failureMessages":[],"meta":{}}],"startTime":1768144327007,"endTime":1768144327025.2893,"status":"passed","message":"","name":"/Users/viral/Projects/Personal/plukd/packages/backend/src/config/__tests__/env.test.ts"},{"assertionResults":[{"ancestorTitles":["redis","redis client initialization"],"fullName":"redis redis client initialization should export redis instance","status":"passed","title":"should export redis instance","duration":6.0931659999999965,"failureMessages":[],"meta":{}},{"ancestorTitles":["redis","redis client initialization"],"fullName":"redis redis client initialization should have required redis methods","status":"passed","title":"should have required redis methods","duration":0.1324160000000063,"failureMessages":[],"meta":{}},{"ancestorTitles":["redis","waitForRedis function"],"fullName":"redis waitForRedis function should resolve immediately when redis status is already ready","status":"passed","title":"should resolve immediately when redis status is already ready","duration":0.1125420000000048,"failureMessages":[],"meta":{}},{"ancestorTitles":["redis","waitForRedis function"],"fullName":"redis waitForRedis function should wait for ready event when status is not ready","status":"passed","title":"should wait for ready event when status is not ready","duration":12.532833999999994,"failureMessages":[],"meta":{}},{"ancestorTitles":["redis","waitForRedis function"],"fullName":"redis waitForRedis function should resolve when ready event is emitted","status":"passed","title":"should resolve when ready event is emitted","duration":11.316874999999996,"failureMessages":[],"meta":{}},{"ancestorTitles":["redis","waitForRedis function"],"fullName":"redis waitForRedis function should reject when error event is emitted","status":"passed","title":"should reject when error event is emitted","duration":10.709665999999984,"failureMessages":[],"meta":{}},{"ancestorTitles":["redis","waitForRedis function"],"fullName":"redis waitForRedis function should reject with timeout error after 10 seconds","status":"passed","title":"should reject with timeout error after 10 seconds","duration":1.1041250000000105,"failureMessages":[],"meta":{}},{"ancestorTitles":["redis","waitForRedis function"],"fullName":"redis waitForRedis function should clear timeout when ready event is emitted","status":"passed","title":"should clear timeout when ready event is emitted","duration":0.22433300000000145,"failureMessages":[],"meta":{}},{"ancestorTitles":["redis","waitForRedis function"],"fullName":"redis waitForRedis function should clear timeout when error event is emitted","status":"passed","title":"should clear timeout when error event is emitted","duration":0.19316699999998832,"failureMessages":[],"meta":{}},{"ancestorTitles":["redis","waitForRedis function"],"fullName":"redis waitForRedis function should register both ready and error event handlers","status":"passed","title":"should register both ready and error event handlers","duration":0.1970839999999896,"failureMessages":[],"meta":{}},{"ancestorTitles":["redis","waitForRedis function"],"fullName":"redis waitForRedis function should handle waitForRedis called multiple times when already ready","status":"passed","title":"should handle waitForRedis called multiple times when already ready","duration":0.11400000000000432,"failureMessages":[],"meta":{}},{"ancestorTitles":["redis","waitForRedis function"],"fullName":"redis waitForRedis function should handle status transition from connecting to ready","status":"passed","title":"should handle status transition from connecting to ready","duration":10.252708000000013,"failureMessages":[],"meta":{}},{"ancestorTitles":["redis","event handlers"],"fullName":"redis event handlers should handle error events with console logging","status":"passed","title":"should handle error events with console logging","duration":0.19379200000000196,"failureMessages":[],"meta":{}},{"ancestorTitles":["redis","event handlers"],"fullName":"redis event handlers should handle connect events with console logging","status":"passed","title":"should handle connect events with console logging","duration":0.05433300000001395,"failureMessages":[],"meta":{}},{"ancestorTitles":["redis","configuration scenarios"],"fullName":"redis configuration scenarios should handle different Redis status values","status":"passed","title":"should handle different Redis status values","duration":0.09541699999999764,"failureMessages":[],"meta":{}},{"ancestorTitles":["redis","configuration scenarios"],"fullName":"redis configuration scenarios should work with redis operations","status":"passed","title":"should work with redis operations","duration":0.08920799999998508,"failureMessages":[],"meta":{}},{"ancestorTitles":["redis","error scenarios"],"fullName":"redis error scenarios should handle timeout errors during connection","status":"passed","title":"should handle timeout errors during connection","duration":11.233041999999983,"failureMessages":[],"meta":{}},{"ancestorTitles":["redis","error scenarios"],"fullName":"redis error scenarios should handle reconnection scenarios","status":"passed","title":"should handle reconnection scenarios","duration":11.220458000000008,"failureMessages":[],"meta":{}},{"ancestorTitles":["redis","error scenarios"],"fullName":"redis error scenarios should handle multiple error events","status":"passed","title":"should handle multiple error events","duration":0.061459000000013475,"failureMessages":[],"meta":{}},{"ancestorTitles":["redis","edge cases"],"fullName":"redis edge cases should handle concurrent waitForRedis calls","status":"passed","title":"should handle concurrent waitForRedis calls","duration":0.12774999999999181,"failureMessages":[],"meta":{}},{"ancestorTitles":["redis","edge cases"],"fullName":"redis edge cases should handle ready event with no listeners","status":"passed","title":"should handle ready event with no listeners","duration":0.05079199999997286,"failureMessages":[],"meta":{}},{"ancestorTitles":["redis","edge cases"],"fullName":"redis edge cases should handle error event with undefined message","status":"passed","title":"should handle error event with undefined message","duration":0.05329199999999901,"failureMessages":[],"meta":{}}],"startTime":1768144326993,"endTime":1768144327069.1277,"status":"passed","message":"","name":"/Users/viral/Projects/Personal/plukd/packages/backend/src/config/__tests__/redis.test.ts"}],"coverageMap":{"/Users/viral/Projects/Personal/plukd/packages/backend/src/config/redis.ts":{"path":"/Users/viral/Projects/Personal/plukd/packages/backend/src/config/redis.ts","statementMap":{"0":{"start":{"line":4,"column":21},"end":{"line":7,"column":null}},"1":{"start":{"line":9,"column":0},"end":{"line":11,"column":null}},"2":{"start":{"line":10,"column":2},"end":{"line":10,"column":null}},"3":{"start":{"line":13,"column":0},"end":{"line":15,"column":null}},"4":{"start":{"line":14,"column":2},"end":{"line":14,"column":null}},"5":{"start":{"line":22,"column":2},"end":{"line":24,"column":null}},"6":{"start":{"line":23,"column":4},"end":{"line":23,"column":null}},"7":{"start":{"line":26,"column":2},"end":{"line":40,"column":null}},"8":{"start":{"line":27,"column":20},"end":{"line":29,"column":null}},"9":{"start":{"line":28,"column":6},"end":{"line":28,"column":null}},"10":{"start":{"line":31,"column":4},"end":{"line":34,"column":null}},"11":{"start":{"line":32,"column":6},"end":{"line":32,"column":null}},"12":{"start":{"line":33,"column":6},"end":{"line":33,"column":null}},"13":{"start":{"line":36,"column":4},"end":{"line":39,"column":null}},"14":{"start":{"line":37,"column":6},"end":{"line":37,"column":null}},"15":{"start":{"line":38,"column":6},"end":{"line":38,"column":null}}},"fnMap":{"0":{"name":"(anonymous_0)","decl":{"start":{"line":9,"column":18},"end":{"line":9,"column":19}},"loc":{"start":{"line":9,"column":27},"end":{"line":11,"column":1}},"line":9},"1":{"name":"(anonymous_1)","decl":{"start":{"line":13,"column":20},"end":{"line":13,"column":26}},"loc":{"start":{"line":13,"column":26},"end":{"line":15,"column":1}},"line":13},"2":{"name":"waitForRedis","decl":{"start":{"line":21,"column":22},"end":{"line":21,"column":52}},"loc":{"start":{"line":21,"column":52},"end":{"line":41,"column":null}},"line":21},"3":{"name":"(anonymous_3)","decl":{"start":{"line":26,"column":21},"end":{"line":26,"column":22}},"loc":{"start":{"line":26,"column":42},"end":{"line":40,"column":3}},"line":26},"4":{"name":"(anonymous_4)","decl":{"start":{"line":27,"column":31},"end":{"line":27,"column":37}},"loc":{"start":{"line":27,"column":37},"end":{"line":29,"column":7}},"line":27},"5":{"name":"(anonymous_5)","decl":{"start":{"line":31,"column":24},"end":{"line":31,"column":30}},"loc":{"start":{"line":31,"column":30},"end":{"line":34,"column":5}},"line":31},"6":{"name":"(anonymous_6)","decl":{"start":{"line":36,"column":24},"end":{"line":36,"column":25}},"loc":{"start":{"line":36,"column":33},"end":{"line":39,"column":5}},"line":36}},"branchMap":{"0":{"loc":{"start":{"line":22,"column":2},"end":{"line":24,"column":null}},"type":"if","locations":[{"start":{"line":22,"column":2},"end":{"line":24,"column":null}},{"start":{},"end":{}}],"line":22}},"s":{"0":1,"1":1,"2":0,"3":1,"4":0,"5":19,"6":9,"7":10,"8":10,"9":1,"10":10,"11":5,"12":5,"13":10,"14":3,"15":3},"f":{"0":0,"1":0,"2":19,"3":10,"4":1,"5":5,"6":3},"b":{"0":[9,10]},"meta":{"lastBranch":1,"lastFunction":7,"lastStatement":16,"seen":{"s:4:21:7:Infinity":0,"s:9:0:11:Infinity":1,"f:9:18:9:19":0,"s:10:2:10:Infinity":2,"s:13:0:15:Infinity":3,"f:13:20:13:26":1,"s:14:2:14:Infinity":4,"f:21:22:21:52":2,"b:22:2:24:Infinity:undefined:undefined:undefined:undefined":0,"s:22:2:24:Infinity":5,"s:23:4:23:Infinity":6,"s:26:2:40:Infinity":7,"f:26:21:26:22":3,"s:27:20:29:Infinity":8,"f:27:31:27:37":4,"s:28:6:28:Infinity":9,"s:31:4:34:Infinity":10,"f:31:24:31:30":5,"s:32:6:32:Infinity":11,"s:33:6:33:Infinity":12,"s:36:4:39:Infinity":13,"f:36:24:36:25":6,"s:37:6:37:Infinity":14,"s:38:6:38:Infinity":15}}},"/Users/viral/Projects/Personal/plukd/packages/backend/src/config/env.ts":{"path":"/Users/viral/Projects/Personal/plukd/packages/backend/src/config/env.ts","statementMap":{"0":{"start":{"line":3,"column":18},"end":{"line":28,"column":null}},"1":{"start":{"line":30,"column":19},"end":{"line":30,"column":null}}},"fnMap":{},"branchMap":{},"s":{"0":0,"1":0},"f":{},"b":{},"meta":{"lastBranch":0,"lastFunction":0,"lastStatement":2,"seen":{"s:3:18:28:Infinity":0,"s:30:19:30:Infinity":1}}},"/Users/viral/Projects/Personal/plukd/packages/backend/src/config/index.ts":{"path":"/Users/viral/Projects/Personal/plukd/packages/backend/src/config/index.ts","statementMap":{},"fnMap":{},"branchMap":{},"s":{},"f":{},"b":{},"meta":{"lastBranch":0,"lastFunction":0,"lastStatement":0,"seen":{}}},"/Users/viral/Projects/Personal/plukd/packages/backend/src/index.ts":{"path":"/Users/viral/Projects/Personal/plukd/packages/backend/src/index.ts","statementMap":{"0":{"start":{"line":9,"column":12},"end":{"line":9,"column":null}},"1":{"start":{"line":12,"column":0},"end":{"line":12,"column":null}},"2":{"start":{"line":13,"column":0},"end":{"line":13,"column":null}},"3":{"start":{"line":14,"column":0},"end":{"line":14,"column":null}},"4":{"start":{"line":17,"column":0},"end":{"line":23,"column":null}},"5":{"start":{"line":18,"column":2},"end":{"line":22,"column":null}},"6":{"start":{"line":26,"column":0},"end":{"line":26,"column":null}},"7":{"start":{"line":31,"column":2},"end":{"line":31,"column":null}},"8":{"start":{"line":33,"column":2},"end":{"line":33,"column":null}},"9":{"start":{"line":35,"column":17},"end":{"line":38,"column":null}},"10":{"start":{"line":40,"column":2},"end":{"line":40,"column":null}},"11":{"start":{"line":43,"column":0},"end":{"line":46,"column":null}},"12":{"start":{"line":44,"column":2},"end":{"line":44,"column":null}},"13":{"start":{"line":45,"column":2},"end":{"line":45,"column":null}}},"fnMap":{"0":{"name":"(anonymous_0)","decl":{"start":{"line":17,"column":13},"end":{"line":17,"column":14}},"loc":{"start":{"line":18,"column":2},"end":{"line":22,"column":null}},"line":18},"1":{"name":"start","decl":{"start":{"line":29,"column":15},"end":{"line":29,"column":23}},"loc":{"start":{"line":29,"column":23},"end":{"line":41,"column":null}},"line":29},"2":{"name":"(anonymous_2)","decl":{"start":{"line":43,"column":14},"end":{"line":43,"column":15}},"loc":{"start":{"line":43,"column":23},"end":{"line":46,"column":1}},"line":43}},"branchMap":{},"s":{"0":0,"1":0,"2":0,"3":0,"4":0,"5":0,"6":0,"7":0,"8":0,"9":0,"10":0,"11":0,"12":0,"13":0},"f":{"0":0,"1":0,"2":0},"b":{},"meta":{"lastBranch":0,"lastFunction":3,"lastStatement":14,"seen":{"s:9:12:9:Infinity":0,"s:12:0:12:Infinity":1,"s:13:0:13:Infinity":2,"s:14:0:14:Infinity":3,"s:17:0:23:Infinity":4,"f:17:13:17:14":0,"s:18:2:22:Infinity":5,"s:26:0:26:Infinity":6,"f:29:15:29:23":1,"s:31:2:31:Infinity":7,"s:33:2:33:Infinity":8,"s:35:17:38:Infinity":9,"s:40:2:40:Infinity":10,"s:43:0:46:Infinity":11,"f:43:14:43:15":2,"s:44:2:44:Infinity":12,"s:45:2:45:Infinity":13}}},"/Users/viral/Projects/Personal/plukd/packages/backend/src/config/supabase.ts":{"path":"/Users/viral/Projects/Personal/plukd/packages/backend/src/config/supabase.ts","statementMap":{"0":{"start":{"line":5,"column":13},"end":{"line":14,"column":null}}},"fnMap":{},"branchMap":{},"s":{"0":0},"f":{},"b":{},"meta":{"lastBranch":0,"lastFunction":0,"lastStatement":1,"seen":{"s:5:13:14:Infinity":0}}},"/Users/viral/Projects/Personal/plukd/packages/backend/src/middleware/cors.ts":{"path":"/Users/viral/Projects/Personal/plukd/packages/backend/src/middleware/cors.ts","statementMap":{"0":{"start":{"line":6,"column":2},"end":{"line":34,"column":null}},"1":{"start":{"line":7,"column":4},"end":{"line":33,"column":null}},"2":{"start":{"line":9,"column":8},"end":{"line":9,"column":null}},"3":{"start":{"line":12,"column":8},"end":{"line":15,"column":null}},"4":{"start":{"line":13,"column":10},"end":{"line":13,"column":null}},"5":{"start":{"line":14,"column":10},"end":{"line":14,"column":null}},"6":{"start":{"line":18,"column":8},"end":{"line":24,"column":null}},"7":{"start":{"line":22,"column":10},"end":{"line":22,"column":null}},"8":{"start":{"line":23,"column":10},"end":{"line":23,"column":null}},"9":{"start":{"line":26,"column":8},"end":{"line":26,"column":null}},"10":{"start":{"line":27,"column":8},"end":{"line":27,"column":null}},"11":{"start":{"line":37,"column":2},"end":{"line":43,"column":null}}},"fnMap":{"0":{"name":"cors","decl":{"start":{"line":4,"column":16},"end":{"line":4,"column":23}},"loc":{"start":{"line":4,"column":23},"end":{"line":44,"column":null}},"line":4},"1":{"name":"(anonymous_1)","decl":{"start":{"line":8,"column":14},"end":{"line":8,"column":15}},"loc":{"start":{"line":8,"column":26},"end":{"line":28,"column":null}},"line":8}},"branchMap":{"0":{"loc":{"start":{"line":6,"column":2},"end":{"line":34,"column":null}},"type":"if","locations":[{"start":{"line":6,"column":2},"end":{"line":34,"column":null}},{"start":{},"end":{}}],"line":6},"1":{"loc":{"start":{"line":12,"column":8},"end":{"line":15,"column":null}},"type":"if","locations":[{"start":{"line":12,"column":8},"end":{"line":15,"column":null}},{"start":{},"end":{}}],"line":12},"2":{"loc":{"start":{"line":18,"column":8},"end":{"line":24,"column":null}},"type":"if","locations":[{"start":{"line":18,"column":8},"end":{"line":24,"column":null}},{"start":{},"end":{}}],"line":18},"3":{"loc":{"start":{"line":19,"column":10},"end":{"line":20,"column":null}},"type":"binary-expr","locations":[{"start":{"line":19,"column":10},"end":{"line":19,"column":null}},{"start":{"line":20,"column":10},"end":{"line":20,"column":null}}],"line":19}},"s":{"0":0,"1":0,"2":0,"3":0,"4":0,"5":0,"6":0,"7":0,"8":0,"9":0,"10":0,"11":0},"f":{"0":0,"1":0},"b":{"0":[0,0],"1":[0,0],"2":[0,0],"3":[0,0]},"meta":{"lastBranch":4,"lastFunction":2,"lastStatement":12,"seen":{"f:4:16:4:23":0,"b:6:2:34:Infinity:undefined:undefined:undefined:undefined":0,"s:6:2:34:Infinity":0,"s:7:4:33:Infinity":1,"f:8:14:8:15":1,"s:9:8:9:Infinity":2,"b:12:8:15:Infinity:undefined:undefined:undefined:undefined":1,"s:12:8:15:Infinity":3,"s:13:10:13:Infinity":4,"s:14:10:14:Infinity":5,"b:18:8:24:Infinity:undefined:undefined:undefined:undefined":2,"s:18:8:24:Infinity":6,"b:19:10:19:Infinity:20:10:20:Infinity":3,"s:22:10:22:Infinity":7,"s:23:10:23:Infinity":8,"s:26:8:26:Infinity":9,"s:27:8:27:Infinity":10,"s:37:2:43:Infinity":11}}},"/Users/viral/Projects/Personal/plukd/packages/backend/src/middleware/index.ts":{"path":"/Users/viral/Projects/Personal/plukd/packages/backend/src/middleware/index.ts","statementMap":{},"fnMap":{},"branchMap":{},"s":{},"f":{},"b":{},"meta":{"lastBranch":0,"lastFunction":0,"lastStatement":0,"seen":{}}},"/Users/viral/Projects/Personal/plukd/packages/backend/src/jobs/index.ts":{"path":"/Users/viral/Projects/Personal/plukd/packages/backend/src/jobs/index.ts","statementMap":{},"fnMap":{},"branchMap":{},"s":{},"f":{},"b":{},"meta":{"lastBranch":0,"lastFunction":0,"lastStatement":0,"seen":{}}},"/Users/viral/Projects/Personal/plukd/packages/backend/src/middleware/error-handler.ts":{"path":"/Users/viral/Projects/Personal/plukd/packages/backend/src/middleware/error-handler.ts","statementMap":{"0":{"start":{"line":6,"column":2},"end":{"line":6,"column":null}},"1":{"start":{"line":8,"column":2},"end":{"line":10,"column":null}},"2":{"start":{"line":9,"column":4},"end":{"line":9,"column":null}},"3":{"start":{"line":12,"column":2},"end":{"line":20,"column":null}},"4":{"start":{"line":13,"column":4},"end":{"line":19,"column":null}},"5":{"start":{"line":22,"column":2},"end":{"line":22,"column":null}}},"fnMap":{"0":{"name":"errorHandler","decl":{"start":{"line":5,"column":16},"end":{"line":5,"column":29}},"loc":{"start":{"line":5,"column":53},"end":{"line":23,"column":null}},"line":5}},"branchMap":{"0":{"loc":{"start":{"line":8,"column":2},"end":{"line":10,"column":null}},"type":"if","locations":[{"start":{"line":8,"column":2},"end":{"line":10,"column":null}},{"start":{},"end":{}}],"line":8},"1":{"loc":{"start":{"line":12,"column":2},"end":{"line":20,"column":null}},"type":"if","locations":[{"start":{"line":12,"column":2},"end":{"line":20,"column":null}},{"start":{},"end":{}}],"line":12}},"s":{"0":0,"1":0,"2":0,"3":0,"4":0,"5":0},"f":{"0":0},"b":{"0":[0,0],"1":[0,0]},"meta":{"lastBranch":2,"lastFunction":1,"lastStatement":6,"seen":{"f:5:16:5:29":0,"s:6:2:6:Infinity":0,"b:8:2:10:Infinity:undefined:undefined:undefined:undefined":0,"s:8:2:10:Infinity":1,"s:9:4:9:Infinity":2,"b:12:2:20:Infinity:undefined:undefined:undefined:undefined":1,"s:12:2:20:Infinity":3,"s:13:4:19:Infinity":4,"s:22:2:22:Infinity":5}}},"/Users/viral/Projects/Personal/plukd/packages/backend/src/middleware/auth.ts":{"path":"/Users/viral/Projects/Personal/plukd/packages/backend/src/middleware/auth.ts","statementMap":{"0":{"start":{"line":21,"column":21},"end":{"line":23,"column":null}},"1":{"start":{"line":26,"column":21},"end":{"line":26,"column":null}},"2":{"start":{"line":28,"column":2},"end":{"line":30,"column":null}},"3":{"start":{"line":29,"column":4},"end":{"line":29,"column":null}},"4":{"start":{"line":32,"column":16},"end":{"line":32,"column":null}},"5":{"start":{"line":36,"column":2},"end":{"line":47,"column":null}},"6":{"start":{"line":37,"column":4},"end":{"line":37,"column":null}},"7":{"start":{"line":38,"column":31},"end":{"line":43,"column":null}},"8":{"start":{"line":44,"column":4},"end":{"line":44,"column":null}},"9":{"start":{"line":45,"column":4},"end":{"line":45,"column":null}},"10":{"start":{"line":46,"column":4},"end":{"line":46,"column":null}},"11":{"start":{"line":49,"column":2},"end":{"line":84,"column":null}},"12":{"start":{"line":51,"column":24},"end":{"line":53,"column":null}},"13":{"start":{"line":55,"column":4},"end":{"line":57,"column":null}},"14":{"start":{"line":56,"column":6},"end":{"line":56,"column":null}},"15":{"start":{"line":59,"column":4},"end":{"line":61,"column":null}},"16":{"start":{"line":60,"column":6},"end":{"line":60,"column":null}},"17":{"start":{"line":63,"column":27},"end":{"line":68,"column":null}},"18":{"start":{"line":70,"column":4},"end":{"line":70,"column":null}},"19":{"start":{"line":71,"column":4},"end":{"line":71,"column":null}},"20":{"start":{"line":73,"column":4},"end":{"line":75,"column":null}},"21":{"start":{"line":74,"column":6},"end":{"line":74,"column":null}},"22":{"start":{"line":76,"column":4},"end":{"line":78,"column":null}},"23":{"start":{"line":77,"column":6},"end":{"line":77,"column":null}},"24":{"start":{"line":79,"column":4},"end":{"line":81,"column":null}},"25":{"start":{"line":80,"column":6},"end":{"line":80,"column":null}},"26":{"start":{"line":82,"column":4},"end":{"line":82,"column":null}},"27":{"start":{"line":83,"column":4},"end":{"line":83,"column":null}},"28":{"start":{"line":88,"column":21},"end":{"line":88,"column":null}},"29":{"start":{"line":90,"column":2},"end":{"line":93,"column":null}},"30":{"start":{"line":91,"column":4},"end":{"line":91,"column":null}},"31":{"start":{"line":92,"column":4},"end":{"line":92,"column":null}},"32":{"start":{"line":95,"column":2},"end":{"line":99,"column":null}},"33":{"start":{"line":96,"column":4},"end":{"line":96,"column":null}},"34":{"start":{"line":98,"column":4},"end":{"line":98,"column":null}}},"fnMap":{"0":{"name":"authMiddleware","decl":{"start":{"line":25,"column":22},"end":{"line":25,"column":37}},"loc":{"start":{"line":25,"column":61},"end":{"line":85,"column":null}},"line":25},"1":{"name":"optionalAuthMiddleware","decl":{"start":{"line":87,"column":22},"end":{"line":87,"column":45}},"loc":{"start":{"line":87,"column":69},"end":{"line":100,"column":null}},"line":87}},"branchMap":{"0":{"loc":{"start":{"line":28,"column":2},"end":{"line":30,"column":null}},"type":"if","locations":[{"start":{"line":28,"column":2},"end":{"line":30,"column":null}},{"start":{},"end":{}}],"line":28},"1":{"loc":{"start":{"line":36,"column":2},"end":{"line":47,"column":null}},"type":"if","locations":[{"start":{"line":36,"column":2},"end":{"line":47,"column":null}},{"start":{},"end":{}}],"line":36},"2":{"loc":{"start":{"line":36,"column":6},"end":{"line":36,"column":80}},"type":"binary-expr","locations":[{"start":{"line":36,"column":6},"end":{"line":36,"column":40}},{"start":{"line":36,"column":40},"end":{"line":36,"column":80}}],"line":36},"3":{"loc":{"start":{"line":55,"column":4},"end":{"line":57,"column":null}},"type":"if","locations":[{"start":{"line":55,"column":4},"end":{"line":57,"column":null}},{"start":{},"end":{}}],"line":55},"4":{"loc":{"start":{"line":59,"column":4},"end":{"line":61,"column":null}},"type":"if","locations":[{"start":{"line":59,"column":4},"end":{"line":61,"column":null}},{"start":{},"end":{}}],"line":59},"5":{"loc":{"start":{"line":73,"column":4},"end":{"line":75,"column":null}},"type":"if","locations":[{"start":{"line":73,"column":4},"end":{"line":75,"column":null}},{"start":{},"end":{}}],"line":73},"6":{"loc":{"start":{"line":76,"column":4},"end":{"line":78,"column":null}},"type":"if","locations":[{"start":{"line":76,"column":4},"end":{"line":78,"column":null}},{"start":{},"end":{}}],"line":76},"7":{"loc":{"start":{"line":79,"column":4},"end":{"line":81,"column":null}},"type":"if","locations":[{"start":{"line":79,"column":4},"end":{"line":81,"column":null}},{"start":{},"end":{}}],"line":79},"8":{"loc":{"start":{"line":90,"column":2},"end":{"line":93,"column":null}},"type":"if","locations":[{"start":{"line":90,"column":2},"end":{"line":93,"column":null}},{"start":{},"end":{}}],"line":90}},"s":{"0":0,"1":0,"2":0,"3":0,"4":0,"5":0,"6":0,"7":0,"8":0,"9":0,"10":0,"11":0,"12":0,"13":0,"14":0,"15":0,"16":0,"17":0,"18":0,"19":0,"20":0,"21":0,"22":0,"23":0,"24":0,"25":0,"26":0,"27":0,"28":0,"29":0,"30":0,"31":0,"32":0,"33":0,"34":0},"f":{"0":0,"1":0},"b":{"0":[0,0],"1":[0,0],"2":[0,0],"3":[0,0],"4":[0,0],"5":[0,0],"6":[0,0],"7":[0,0],"8":[0,0]},"meta":{"lastBranch":9,"lastFunction":2,"lastStatement":35,"seen":{"s:21:21:23:Infinity":0,"f:25:22:25:37":0,"s:26:21:26:Infinity":1,"b:28:2:30:Infinity:undefined:undefined:undefined:undefined":0,"s:28:2:30:Infinity":2,"s:29:4:29:Infinity":3,"s:32:16:32:Infinity":4,"b:36:2:47:Infinity:undefined:undefined:undefined:undefined":1,"s:36:2:47:Infinity":5,"b:36:6:36:40:36:40:36:80":2,"s:37:4:37:Infinity":6,"s:38:31:43:Infinity":7,"s:44:4:44:Infinity":8,"s:45:4:45:Infinity":9,"s:46:4:46:Infinity":10,"s:49:2:84:Infinity":11,"s:51:24:53:Infinity":12,"b:55:4:57:Infinity:undefined:undefined:undefined:undefined":3,"s:55:4:57:Infinity":13,"s:56:6:56:Infinity":14,"b:59:4:61:Infinity:undefined:undefined:undefined:undefined":4,"s:59:4:61:Infinity":15,"s:60:6:60:Infinity":16,"s:63:27:68:Infinity":17,"s:70:4:70:Infinity":18,"s:71:4:71:Infinity":19,"b:73:4:75:Infinity:undefined:undefined:undefined:undefined":5,"s:73:4:75:Infinity":20,"s:74:6:74:Infinity":21,"b:76:4:78:Infinity:undefined:undefined:undefined:undefined":6,"s:76:4:78:Infinity":22,"s:77:6:77:Infinity":23,"b:79:4:81:Infinity:undefined:undefined:undefined:undefined":7,"s:79:4:81:Infinity":24,"s:80:6:80:Infinity":25,"s:82:4:82:Infinity":26,"s:83:4:83:Infinity":27,"f:87:22:87:45":1,"s:88:21:88:Infinity":28,"b:90:2:93:Infinity:undefined:undefined:undefined:undefined":8,"s:90:2:93:Infinity":29,"s:91:4:91:Infinity":30,"s:92:4:92:Infinity":31,"s:95:2:99:Infinity":32,"s:96:4:96:Infinity":33,"s:98:4:98:Infinity":34}}},"/Users/viral/Projects/Personal/plukd/packages/backend/src/jobs/queue.ts":{"path":"/Users/viral/Projects/Personal/plukd/packages/backend/src/jobs/queue.ts","statementMap":{"0":{"start":{"line":10,"column":27},"end":{"line":12,"column":null}},"1":{"start":{"line":14,"column":29},"end":{"line":34,"column":null}},"2":{"start":{"line":41,"column":16},"end":{"line":41,"column":null}},"3":{"start":{"line":44,"column":22},"end":{"line":44,"column":null}},"4":{"start":{"line":45,"column":2},"end":{"line":48,"column":null}},"5":{"start":{"line":46,"column":4},"end":{"line":46,"column":null}},"6":{"start":{"line":47,"column":4},"end":{"line":47,"column":null}},"7":{"start":{"line":50,"column":2},"end":{"line":54,"column":null}},"8":{"start":{"line":55,"column":2},"end":{"line":55,"column":null}},"9":{"start":{"line":59,"column":14},"end":{"line":59,"column":null}},"10":{"start":{"line":60,"column":2},"end":{"line":60,"column":null}},"11":{"start":{"line":60,"column":12},"end":{"line":60,"column":null}},"12":{"start":{"line":62,"column":16},"end":{"line":62,"column":null}},"13":{"start":{"line":63,"column":2},"end":{"line":69,"column":null}}},"fnMap":{"0":{"name":"enqueueBookmarkProcessing","decl":{"start":{"line":36,"column":22},"end":{"line":36,"column":null}},"loc":{"start":{"line":40,"column":17},"end":{"line":56,"column":null}},"line":40},"1":{"name":"getBookmarkJobStatus","decl":{"start":{"line":58,"column":22},"end":{"line":58,"column":43}},"loc":{"start":{"line":58,"column":63},"end":{"line":70,"column":null}},"line":58}},"branchMap":{"0":{"loc":{"start":{"line":45,"column":2},"end":{"line":48,"column":null}},"type":"if","locations":[{"start":{"line":45,"column":2},"end":{"line":48,"column":null}},{"start":{},"end":{}}],"line":45},"1":{"loc":{"start":{"line":60,"column":2},"end":{"line":60,"column":null}},"type":"if","locations":[{"start":{"line":60,"column":2},"end":{"line":60,"column":null}},{"start":{},"end":{}}],"line":60}},"s":{"0":0,"1":0,"2":0,"3":0,"4":0,"5":0,"6":0,"7":0,"8":0,"9":0,"10":0,"11":0,"12":0,"13":0},"f":{"0":0,"1":0},"b":{"0":[0,0],"1":[0,0]},"meta":{"lastBranch":2,"lastFunction":2,"lastStatement":14,"seen":{"s:10:27:12:Infinity":0,"s:14:29:34:Infinity":1,"f:36:22:36:Infinity":0,"s:41:16:41:Infinity":2,"s:44:22:44:Infinity":3,"b:45:2:48:Infinity:undefined:undefined:undefined:undefined":0,"s:45:2:48:Infinity":4,"s:46:4:46:Infinity":5,"s:47:4:47:Infinity":6,"s:50:2:54:Infinity":7,"s:55:2:55:Infinity":8,"f:58:22:58:43":1,"s:59:14:59:Infinity":9,"b:60:2:60:Infinity:undefined:undefined:undefined:undefined":1,"s:60:2:60:Infinity":10,"s:60:12:60:Infinity":11,"s:62:16:62:Infinity":12,"s:63:2:69:Infinity":13}}},"/Users/viral/Projects/Personal/plukd/packages/backend/src/jobs/worker.ts":{"path":"/Users/viral/Projects/Personal/plukd/packages/backend/src/jobs/worker.ts","statementMap":{"0":{"start":{"line":8,"column":28},"end":{"line":8,"column":null}},"1":{"start":{"line":20,"column":2},"end":{"line":23,"column":null}},"2":{"start":{"line":21,"column":4},"end":{"line":21,"column":null}},"3":{"start":{"line":22,"column":4},"end":{"line":22,"column":null}},"4":{"start":{"line":26,"column":2},"end":{"line":26,"column":null}},"5":{"start":{"line":27,"column":2},"end":{"line":27,"column":null}},"6":{"start":{"line":28,"column":2},"end":{"line":28,"column":null}},"7":{"start":{"line":32,"column":27},"end":{"line":35,"column":null}},"8":{"start":{"line":37,"column":2},"end":{"line":47,"column":null}},"9":{"start":{"line":40,"column":6},"end":{"line":40,"column":null}},"10":{"start":{"line":41,"column":6},"end":{"line":41,"column":null}},"11":{"start":{"line":49,"column":2},"end":{"line":51,"column":null}},"12":{"start":{"line":50,"column":4},"end":{"line":50,"column":null}},"13":{"start":{"line":53,"column":2},"end":{"line":55,"column":null}},"14":{"start":{"line":54,"column":4},"end":{"line":54,"column":null}},"15":{"start":{"line":57,"column":2},"end":{"line":59,"column":null}},"16":{"start":{"line":58,"column":4},"end":{"line":58,"column":null}},"17":{"start":{"line":61,"column":2},"end":{"line":63,"column":null}},"18":{"start":{"line":62,"column":4},"end":{"line":62,"column":null}},"19":{"start":{"line":65,"column":2},"end":{"line":67,"column":null}},"20":{"start":{"line":66,"column":4},"end":{"line":66,"column":null}},"21":{"start":{"line":69,"column":2},"end":{"line":71,"column":null}},"22":{"start":{"line":70,"column":4},"end":{"line":70,"column":null}},"23":{"start":{"line":73,"column":2},"end":{"line":73,"column":null}},"24":{"start":{"line":74,"column":2},"end":{"line":74,"column":null}},"25":{"start":{"line":83,"column":2},"end":{"line":88,"column":null}},"26":{"start":{"line":84,"column":4},"end":{"line":84,"column":null}},"27":{"start":{"line":85,"column":4},"end":{"line":85,"column":null}},"28":{"start":{"line":86,"column":4},"end":{"line":86,"column":null}},"29":{"start":{"line":87,"column":4},"end":{"line":87,"column":null}},"30":{"start":{"line":97,"column":2},"end":{"line":97,"column":null}}},"fnMap":{"0":{"name":"startWorker","decl":{"start":{"line":19,"column":22},"end":{"line":19,"column":53}},"loc":{"start":{"line":19,"column":53},"end":{"line":75,"column":null}},"line":19},"1":{"name":"(anonymous_1)","decl":{"start":{"line":39,"column":4},"end":{"line":39,"column":11}},"loc":{"start":{"line":39,"column":47},"end":{"line":42,"column":null}},"line":39},"2":{"name":"(anonymous_2)","decl":{"start":{"line":49,"column":25},"end":{"line":49,"column":26}},"loc":{"start":{"line":49,"column":34},"end":{"line":51,"column":3}},"line":49},"3":{"name":"(anonymous_3)","decl":{"start":{"line":53,"column":22},"end":{"line":53,"column":23}},"loc":{"start":{"line":53,"column":36},"end":{"line":55,"column":3}},"line":53},"4":{"name":"(anonymous_4)","decl":{"start":{"line":57,"column":21},"end":{"line":57,"column":22}},"loc":{"start":{"line":57,"column":30},"end":{"line":59,"column":3}},"line":57},"5":{"name":"(anonymous_5)","decl":{"start":{"line":61,"column":21},"end":{"line":61,"column":27}},"loc":{"start":{"line":61,"column":27},"end":{"line":63,"column":3}},"line":61},"6":{"name":"(anonymous_6)","decl":{"start":{"line":65,"column":22},"end":{"line":65,"column":23}},"loc":{"start":{"line":65,"column":31},"end":{"line":67,"column":3}},"line":65},"7":{"name":"(anonymous_7)","decl":{"start":{"line":69,"column":23},"end":{"line":69,"column":24}},"loc":{"start":{"line":69,"column":34},"end":{"line":71,"column":3}},"line":69},"8":{"name":"stopWorker","decl":{"start":{"line":82,"column":22},"end":{"line":82,"column":50}},"loc":{"start":{"line":82,"column":50},"end":{"line":89,"column":null}},"line":82},"9":{"name":"getWorker","decl":{"start":{"line":96,"column":16},"end":{"line":96,"column":43}},"loc":{"start":{"line":96,"column":43},"end":{"line":98,"column":null}},"line":96}},"branchMap":{"0":{"loc":{"start":{"line":20,"column":2},"end":{"line":23,"column":null}},"type":"if","locations":[{"start":{"line":20,"column":2},"end":{"line":23,"column":null}},{"start":{},"end":{}}],"line":20},"1":{"loc":{"start":{"line":83,"column":2},"end":{"line":88,"column":null}},"type":"if","locations":[{"start":{"line":83,"column":2},"end":{"line":88,"column":null}},{"start":{},"end":{}}],"line":83}},"s":{"0":0,"1":0,"2":0,"3":0,"4":0,"5":0,"6":0,"7":0,"8":0,"9":0,"10":0,"11":0,"12":0,"13":0,"14":0,"15":0,"16":0,"17":0,"18":0,"19":0,"20":0,"21":0,"22":0,"23":0,"24":0,"25":0,"26":0,"27":0,"28":0,"29":0,"30":0},"f":{"0":0,"1":0,"2":0,"3":0,"4":0,"5":0,"6":0,"7":0,"8":0,"9":0},"b":{"0":[0,0],"1":[0,0]},"meta":{"lastBranch":2,"lastFunction":10,"lastStatement":31,"seen":{"s:8:28:8:Infinity":0,"f:19:22:19:53":0,"b:20:2:23:Infinity:undefined:undefined:undefined:undefined":0,"s:20:2:23:Infinity":1,"s:21:4:21:Infinity":2,"s:22:4:22:Infinity":3,"s:26:2:26:Infinity":4,"s:27:2:27:Infinity":5,"s:28:2:28:Infinity":6,"s:32:27:35:Infinity":7,"s:37:2:47:Infinity":8,"f:39:4:39:11":1,"s:40:6:40:Infinity":9,"s:41:6:41:Infinity":10,"s:49:2:51:Infinity":11,"f:49:25:49:26":2,"s:50:4:50:Infinity":12,"s:53:2:55:Infinity":13,"f:53:22:53:23":3,"s:54:4:54:Infinity":14,"s:57:2:59:Infinity":15,"f:57:21:57:22":4,"s:58:4:58:Infinity":16,"s:61:2:63:Infinity":17,"f:61:21:61:27":5,"s:62:4:62:Infinity":18,"s:65:2:67:Infinity":19,"f:65:22:65:23":6,"s:66:4:66:Infinity":20,"s:69:2:71:Infinity":21,"f:69:23:69:24":7,"s:70:4:70:Infinity":22,"s:73:2:73:Infinity":23,"s:74:2:74:Infinity":24,"f:82:22:82:50":8,"b:83:2:88:Infinity:undefined:undefined:undefined:undefined":1,"s:83:2:88:Infinity":25,"s:84:4:84:Infinity":26,"s:85:4:85:Infinity":27,"s:86:4:86:Infinity":28,"s:87:4:87:Infinity":29,"f:96:16:96:43":9,"s:97:2:97:Infinity":30}}},"/Users/viral/Projects/Personal/plukd/packages/backend/src/routes/ai-reply.ts":{"path":"/Users/viral/Projects/Personal/plukd/packages/backend/src/routes/ai-reply.ts","statementMap":{"0":{"start":{"line":16,"column":29},"end":{"line":16,"column":null}},"1":{"start":{"line":19,"column":0},"end":{"line":19,"column":null}},"2":{"start":{"line":22,"column":24},"end":{"line":25,"column":null}},"3":{"start":{"line":28,"column":20},"end":{"line":32,"column":null}},"4":{"start":{"line":35,"column":27},"end":{"line":42,"column":null}},"5":{"start":{"line":45,"column":28},"end":{"line":52,"column":null}},"6":{"start":{"line":69,"column":0},"end":{"line":131,"column":null}},"7":{"start":{"line":70,"column":2},"end":{"line":130,"column":null}},"8":{"start":{"line":71,"column":17},"end":{"line":71,"column":null}},"9":{"start":{"line":72,"column":17},"end":{"line":72,"column":null}},"10":{"start":{"line":75,"column":26},"end":{"line":75,"column":null}},"11":{"start":{"line":78,"column":68},"end":{"line":78,"column":null}},"12":{"start":{"line":81,"column":34},"end":{"line":85,"column":null}},"13":{"start":{"line":88,"column":4},"end":{"line":90,"column":null}},"14":{"start":{"line":93,"column":18},"end":{"line":97,"column":null}},"15":{"start":{"line":99,"column":4},"end":{"line":103,"column":null}},"16":{"start":{"line":106,"column":4},"end":{"line":117,"column":null}},"17":{"start":{"line":107,"column":6},"end":{"line":116,"column":null}},"18":{"start":{"line":110,"column":48},"end":{"line":113,"column":12}},"19":{"start":{"line":120,"column":4},"end":{"line":120,"column":null}},"20":{"start":{"line":122,"column":6},"end":{"line":122,"column":null}},"21":{"start":{"line":124,"column":4},"end":{"line":129,"column":null}},"22":{"start":{"line":140,"column":0},"end":{"line":156,"column":null}},"23":{"start":{"line":141,"column":2},"end":{"line":155,"column":null}},"24":{"start":{"line":142,"column":10},"end":{"line":142,"column":null}},"25":{"start":{"line":144,"column":4},"end":{"line":146,"column":null}},"26":{"start":{"line":148,"column":4},"end":{"line":148,"column":null}},"27":{"start":{"line":149,"column":4},"end":{"line":154,"column":null}},"28":{"start":{"line":162,"column":0},"end":{"line":168,"column":null}},"29":{"start":{"line":163,"column":2},"end":{"line":167,"column":null}}},"fnMap":{"0":{"name":"(anonymous_0)","decl":{"start":{"line":69,"column":38},"end":{"line":69,"column":45}},"loc":{"start":{"line":69,"column":51},"end":{"line":131,"column":1}},"line":69},"1":{"name":"(anonymous_1)","decl":{"start":{"line":110,"column":36},"end":{"line":110,"column":37}},"loc":{"start":{"line":110,"column":48},"end":{"line":113,"column":12}},"line":110},"2":{"name":"(anonymous_2)","decl":{"start":{"line":140,"column":28},"end":{"line":140,"column":35}},"loc":{"start":{"line":140,"column":41},"end":{"line":156,"column":1}},"line":140},"3":{"name":"(anonymous_3)","decl":{"start":{"line":162,"column":29},"end":{"line":162,"column":36}},"loc":{"start":{"line":162,"column":42},"end":{"line":168,"column":1}},"line":162}},"branchMap":{"0":{"loc":{"start":{"line":94,"column":7},"end":{"line":94,"column":null}},"type":"binary-expr","locations":[{"start":{"line":94,"column":7},"end":{"line":94,"column":35}},{"start":{"line":94,"column":35},"end":{"line":94,"column":null}}],"line":94},"1":{"loc":{"start":{"line":106,"column":4},"end":{"line":117,"column":null}},"type":"if","locations":[{"start":{"line":106,"column":4},"end":{"line":117,"column":null}},{"start":{},"end":{}}],"line":106},"2":{"loc":{"start":{"line":122,"column":6},"end":{"line":122,"column":null}},"type":"cond-expr","locations":[{"start":{"line":122,"column":31},"end":{"line":122,"column":47}},{"start":{"line":122,"column":47},"end":{"line":122,"column":null}}],"line":122}},"s":{"0":0,"1":0,"2":0,"3":0,"4":0,"5":0,"6":0,"7":0,"8":0,"9":0,"10":0,"11":0,"12":0,"13":0,"14":0,"15":0,"16":0,"17":0,"18":0,"19":0,"20":0,"21":0,"22":0,"23":0,"24":0,"25":0,"26":0,"27":0,"28":0,"29":0},"f":{"0":0,"1":0,"2":0,"3":0},"b":{"0":[0,0],"1":[0,0],"2":[0,0]},"meta":{"lastBranch":3,"lastFunction":4,"lastStatement":30,"seen":{"s:16:29:16:Infinity":0,"s:19:0:19:Infinity":1,"s:22:24:25:Infinity":2,"s:28:20:32:Infinity":3,"s:35:27:42:Infinity":4,"s:45:28:52:Infinity":5,"s:69:0:131:Infinity":6,"f:69:38:69:45":0,"s:70:2:130:Infinity":7,"s:71:17:71:Infinity":8,"s:72:17:72:Infinity":9,"s:75:26:75:Infinity":10,"s:78:68:78:Infinity":11,"s:81:34:85:Infinity":12,"s:88:4:90:Infinity":13,"s:93:18:97:Infinity":14,"b:94:7:94:35:94:35:94:Infinity":0,"s:99:4:103:Infinity":15,"b:106:4:117:Infinity:undefined:undefined:undefined:undefined":1,"s:106:4:117:Infinity":16,"s:107:6:116:Infinity":17,"f:110:36:110:37":1,"s:110:48:113:12":18,"s:120:4:120:Infinity":19,"s:122:6:122:Infinity":20,"b:122:31:122:47:122:47:122:Infinity":2,"s:124:4:129:Infinity":21,"s:140:0:156:Infinity":22,"f:140:28:140:35":2,"s:141:2:155:Infinity":23,"s:142:10:142:Infinity":24,"s:144:4:146:Infinity":25,"s:148:4:148:Infinity":26,"s:149:4:154:Infinity":27,"s:162:0:168:Infinity":28,"f:162:29:162:36":3,"s:163:2:167:Infinity":29}}},"/Users/viral/Projects/Personal/plukd/packages/backend/src/routes/user.ts":{"path":"/Users/viral/Projects/Personal/plukd/packages/backend/src/routes/user.ts","statementMap":{"0":{"start":{"line":5,"column":26},"end":{"line":5,"column":null}},"1":{"start":{"line":8,"column":0},"end":{"line":8,"column":null}},"2":{"start":{"line":11,"column":0},"end":{"line":46,"column":null}},"3":{"start":{"line":12,"column":2},"end":{"line":45,"column":null}},"4":{"start":{"line":13,"column":21},"end":{"line":13,"column":null}},"5":{"start":{"line":16,"column":34},"end":{"line":20,"column":null}},"6":{"start":{"line":22,"column":4},"end":{"line":39,"column":null}},"7":{"start":{"line":24,"column":6},"end":{"line":36,"column":null}},"8":{"start":{"line":25,"column":8},"end":{"line":35,"column":null}},"9":{"start":{"line":37,"column":6},"end":{"line":37,"column":null}},"10":{"start":{"line":38,"column":6},"end":{"line":38,"column":null}},"11":{"start":{"line":41,"column":4},"end":{"line":41,"column":null}},"12":{"start":{"line":43,"column":4},"end":{"line":43,"column":null}},"13":{"start":{"line":44,"column":4},"end":{"line":44,"column":null}}},"fnMap":{"0":{"name":"(anonymous_0)","decl":{"start":{"line":11,"column":20},"end":{"line":11,"column":27}},"loc":{"start":{"line":11,"column":33},"end":{"line":46,"column":1}},"line":11}},"branchMap":{"0":{"loc":{"start":{"line":22,"column":4},"end":{"line":39,"column":null}},"type":"if","locations":[{"start":{"line":22,"column":4},"end":{"line":39,"column":null}},{"start":{},"end":{}}],"line":22},"1":{"loc":{"start":{"line":24,"column":6},"end":{"line":36,"column":null}},"type":"if","locations":[{"start":{"line":24,"column":6},"end":{"line":36,"column":null}},{"start":{},"end":{}}],"line":24}},"s":{"0":0,"1":0,"2":0,"3":0,"4":0,"5":0,"6":0,"7":0,"8":0,"9":0,"10":0,"11":0,"12":0,"13":0},"f":{"0":0},"b":{"0":[0,0],"1":[0,0]},"meta":{"lastBranch":2,"lastFunction":1,"lastStatement":14,"seen":{"s:5:26:5:Infinity":0,"s:8:0:8:Infinity":1,"s:11:0:46:Infinity":2,"f:11:20:11:27":0,"s:12:2:45:Infinity":3,"s:13:21:13:Infinity":4,"s:16:34:20:Infinity":5,"b:22:4:39:Infinity:undefined:undefined:undefined:undefined":0,"s:22:4:39:Infinity":6,"b:24:6:36:Infinity:undefined:undefined:undefined:undefined":1,"s:24:6:36:Infinity":7,"s:25:8:35:Infinity":8,"s:37:6:37:Infinity":9,"s:38:6:38:Infinity":10,"s:41:4:41:Infinity":11,"s:43:4:43:Infinity":12,"s:44:4:44:Infinity":13}}},"/Users/viral/Projects/Personal/plukd/packages/backend/src/routes/index.ts":{"path":"/Users/viral/Projects/Personal/plukd/packages/backend/src/routes/index.ts","statementMap":{"0":{"start":{"line":8,"column":22},"end":{"line":8,"column":null}},"1":{"start":{"line":11,"column":0},"end":{"line":17,"column":null}},"2":{"start":{"line":12,"column":2},"end":{"line":16,"column":null}},"3":{"start":{"line":20,"column":0},"end":{"line":20,"column":null}},"4":{"start":{"line":21,"column":0},"end":{"line":21,"column":null}},"5":{"start":{"line":22,"column":0},"end":{"line":22,"column":null}},"6":{"start":{"line":23,"column":0},"end":{"line":23,"column":null}},"7":{"start":{"line":24,"column":0},"end":{"line":24,"column":null}}},"fnMap":{"0":{"name":"(anonymous_0)","decl":{"start":{"line":11,"column":22},"end":{"line":11,"column":23}},"loc":{"start":{"line":11,"column":29},"end":{"line":17,"column":1}},"line":11}},"branchMap":{},"s":{"0":0,"1":0,"2":0,"3":0,"4":0,"5":0,"6":0,"7":0},"f":{"0":0},"b":{},"meta":{"lastBranch":0,"lastFunction":1,"lastStatement":8,"seen":{"s:8:22:8:Infinity":0,"s:11:0:17:Infinity":1,"f:11:22:11:23":0,"s:12:2:16:Infinity":2,"s:20:0:20:Infinity":3,"s:21:0:21:Infinity":4,"s:22:0:22:Infinity":5,"s:23:0:23:Infinity":6,"s:24:0:24:Infinity":7}}},"/Users/viral/Projects/Personal/plukd/packages/backend/src/lib/ai/tone-manager.ts":{"path":"/Users/viral/Projects/Personal/plukd/packages/backend/src/lib/ai/tone-manager.ts","statementMap":{"0":{"start":{"line":18,"column":58},"end":{"line":46,"column":null}},"1":{"start":{"line":48,"column":53},"end":{"line":52,"column":null}},"2":{"start":{"line":60,"column":2},"end":{"line":60,"column":null}},"3":{"start":{"line":68,"column":2},"end":{"line":71,"column":null}},"4":{"start":{"line":68,"column":66},"end":{"line":71,"column":4}},"5":{"start":{"line":80,"column":2},"end":{"line":80,"column":null}}},"fnMap":{"0":{"name":"getToneConfig","decl":{"start":{"line":59,"column":16},"end":{"line":59,"column":30}},"loc":{"start":{"line":59,"column":58},"end":{"line":61,"column":null}},"line":59},"1":{"name":"getAvailableTones","decl":{"start":{"line":67,"column":16},"end":{"line":67,"column":79}},"loc":{"start":{"line":67,"column":79},"end":{"line":72,"column":null}},"line":67},"2":{"name":"(anonymous_2)","decl":{"start":{"line":68,"column":55},"end":{"line":68,"column":56}},"loc":{"start":{"line":68,"column":66},"end":{"line":71,"column":4}},"line":68},"3":{"name":"isValidTone","decl":{"start":{"line":79,"column":16},"end":{"line":79,"column":28}},"loc":{"start":{"line":79,"column":60},"end":{"line":81,"column":null}},"line":79}},"branchMap":{},"s":{"0":0,"1":0,"2":0,"3":0,"4":0,"5":0},"f":{"0":0,"1":0,"2":0,"3":0},"b":{},"meta":{"lastBranch":0,"lastFunction":4,"lastStatement":6,"seen":{"s:18:58:46:Infinity":0,"s:48:53:52:Infinity":1,"f:59:16:59:30":0,"s:60:2:60:Infinity":2,"f:67:16:67:79":1,"s:68:2:71:Infinity":3,"f:68:55:68:56":2,"s:68:66:71:4":4,"f:79:16:79:28":3,"s:80:2:80:Infinity":5}}},"/Users/viral/Projects/Personal/plukd/packages/backend/src/lib/ai/embeddings.ts":{"path":"/Users/viral/Projects/Personal/plukd/packages/backend/src/lib/ai/embeddings.ts","statementMap":{"0":{"start":{"line":9,"column":35},"end":{"line":9,"column":null}},"1":{"start":{"line":15,"column":44},"end":{"line":15,"column":null}},"2":{"start":{"line":22,"column":4},"end":{"line":22,"column":null}},"3":{"start":{"line":23,"column":4},"end":{"line":23,"column":null}},"4":{"start":{"line":34,"column":2},"end":{"line":36,"column":null}},"5":{"start":{"line":35,"column":4},"end":{"line":35,"column":null}},"6":{"start":{"line":58,"column":26},"end":{"line":58,"column":null}},"7":{"start":{"line":61,"column":2},"end":{"line":63,"column":null}},"8":{"start":{"line":62,"column":4},"end":{"line":62,"column":null}},"9":{"start":{"line":66,"column":2},"end":{"line":68,"column":null}},"10":{"start":{"line":67,"column":4},"end":{"line":67,"column":null}},"11":{"start":{"line":71,"column":2},"end":{"line":74,"column":null}},"12":{"start":{"line":72,"column":26},"end":{"line":72,"column":null}},"13":{"start":{"line":72,"column":50},"end":{"line":72,"column":56}},"14":{"start":{"line":73,"column":4},"end":{"line":73,"column":null}},"15":{"start":{"line":77,"column":2},"end":{"line":79,"column":null}},"16":{"start":{"line":78,"column":4},"end":{"line":78,"column":null}},"17":{"start":{"line":82,"column":13},"end":{"line":82,"column":null}},"18":{"start":{"line":83,"column":2},"end":{"line":85,"column":null}},"19":{"start":{"line":84,"column":4},"end":{"line":84,"column":null}},"20":{"start":{"line":88,"column":24},"end":{"line":91,"column":null}},"21":{"start":{"line":94,"column":2},"end":{"line":94,"column":null}},"22":{"start":{"line":96,"column":2},"end":{"line":96,"column":null}},"23":{"start":{"line":109,"column":15},"end":{"line":109,"column":null}},"24":{"start":{"line":111,"column":24},"end":{"line":114,"column":null}},"25":{"start":{"line":117,"column":2},"end":{"line":117,"column":null}},"26":{"start":{"line":119,"column":2},"end":{"line":119,"column":null}},"27":{"start":{"line":129,"column":2},"end":{"line":129,"column":null}}},"fnMap":{"0":{"name":"(anonymous_0)","decl":{"start":{"line":21,"column":2},"end":{"line":21,"column":14}},"loc":{"start":{"line":21,"column":39},"end":{"line":24,"column":null}},"line":21},"1":{"name":"validateEmbeddingDimension","decl":{"start":{"line":33,"column":9},"end":{"line":33,"column":36}},"loc":{"start":{"line":33,"column":63},"end":{"line":37,"column":null}},"line":33},"2":{"name":"generateBookmarkEmbedding","decl":{"start":{"line":51,"column":22},"end":{"line":51,"column":null}},"loc":{"start":{"line":56,"column":21},"end":{"line":97,"column":null}},"line":56},"3":{"name":"(anonymous_3)","decl":{"start":{"line":72,"column":43},"end":{"line":72,"column":44}},"loc":{"start":{"line":72,"column":50},"end":{"line":72,"column":56}},"line":72},"4":{"name":"generateQueryEmbedding","decl":{"start":{"line":107,"column":22},"end":{"line":107,"column":45}},"loc":{"start":{"line":107,"column":79},"end":{"line":120,"column":null}},"line":107},"5":{"name":"formatEmbeddingForPostgres","decl":{"start":{"line":128,"column":16},"end":{"line":128,"column":43}},"loc":{"start":{"line":128,"column":72},"end":{"line":130,"column":null}},"line":128}},"branchMap":{"0":{"loc":{"start":{"line":34,"column":2},"end":{"line":36,"column":null}},"type":"if","locations":[{"start":{"line":34,"column":2},"end":{"line":36,"column":null}},{"start":{},"end":{}}],"line":34},"1":{"loc":{"start":{"line":61,"column":2},"end":{"line":63,"column":null}},"type":"if","locations":[{"start":{"line":61,"column":2},"end":{"line":63,"column":null}},{"start":{},"end":{}}],"line":61},"2":{"loc":{"start":{"line":66,"column":2},"end":{"line":68,"column":null}},"type":"if","locations":[{"start":{"line":66,"column":2},"end":{"line":68,"column":null}},{"start":{},"end":{}}],"line":66},"3":{"loc":{"start":{"line":71,"column":2},"end":{"line":74,"column":null}},"type":"if","locations":[{"start":{"line":71,"column":2},"end":{"line":74,"column":null}},{"start":{},"end":{}}],"line":71},"4":{"loc":{"start":{"line":71,"column":6},"end":{"line":71,"column":47}},"type":"binary-expr","locations":[{"start":{"line":71,"column":6},"end":{"line":71,"column":22}},{"start":{"line":71,"column":22},"end":{"line":71,"column":47}}],"line":71},"5":{"loc":{"start":{"line":77,"column":2},"end":{"line":79,"column":null}},"type":"if","locations":[{"start":{"line":77,"column":2},"end":{"line":79,"column":null}},{"start":{},"end":{}}],"line":77},"6":{"loc":{"start":{"line":83,"column":2},"end":{"line":85,"column":null}},"type":"if","locations":[{"start":{"line":83,"column":2},"end":{"line":85,"column":null}},{"start":{},"end":{}}],"line":83}},"s":{"0":0,"1":0,"2":0,"3":0,"4":0,"5":0,"6":0,"7":0,"8":0,"9":0,"10":0,"11":0,"12":0,"13":0,"14":0,"15":0,"16":0,"17":0,"18":0,"19":0,"20":0,"21":0,"22":0,"23":0,"24":0,"25":0,"26":0,"27":0},"f":{"0":0,"1":0,"2":0,"3":0,"4":0,"5":0},"b":{"0":[0,0],"1":[0,0],"2":[0,0],"3":[0,0],"4":[0,0],"5":[0,0],"6":[0,0]},"meta":{"lastBranch":7,"lastFunction":6,"lastStatement":28,"seen":{"s:9:35:9:Infinity":0,"s:15:44:15:Infinity":1,"f:21:2:21:14":0,"s:22:4:22:Infinity":2,"s:23:4:23:Infinity":3,"f:33:9:33:36":1,"b:34:2:36:Infinity:undefined:undefined:undefined:undefined":0,"s:34:2:36:Infinity":4,"s:35:4:35:Infinity":5,"f:51:22:51:Infinity":2,"s:58:26:58:Infinity":6,"b:61:2:63:Infinity:undefined:undefined:undefined:undefined":1,"s:61:2:63:Infinity":7,"s:62:4:62:Infinity":8,"b:66:2:68:Infinity:undefined:undefined:undefined:undefined":2,"s:66:2:68:Infinity":9,"s:67:4:67:Infinity":10,"b:71:2:74:Infinity:undefined:undefined:undefined:undefined":3,"s:71:2:74:Infinity":11,"b:71:6:71:22:71:22:71:47":4,"s:72:26:72:Infinity":12,"f:72:43:72:44":3,"s:72:50:72:56":13,"s:73:4:73:Infinity":14,"b:77:2:79:Infinity:undefined:undefined:undefined:undefined":5,"s:77:2:79:Infinity":15,"s:78:4:78:Infinity":16,"s:82:13:82:Infinity":17,"b:83:2:85:Infinity:undefined:undefined:undefined:undefined":6,"s:83:2:85:Infinity":18,"s:84:4:84:Infinity":19,"s:88:24:91:Infinity":20,"s:94:2:94:Infinity":21,"s:96:2:96:Infinity":22,"f:107:22:107:45":4,"s:109:15:109:Infinity":23,"s:111:24:114:Infinity":24,"s:117:2:117:Infinity":25,"s:119:2:119:Infinity":26,"f:128:16:128:43":5,"s:129:2:129:Infinity":27}}},"/Users/viral/Projects/Personal/plukd/packages/backend/src/routes/extension.ts":{"path":"/Users/viral/Projects/Personal/plukd/packages/backend/src/routes/extension.ts","statementMap":{"0":{"start":{"line":16,"column":31},"end":{"line":16,"column":null}},"1":{"start":{"line":19,"column":0},"end":{"line":19,"column":null}},"2":{"start":{"line":22,"column":24},"end":{"line":27,"column":null}},"3":{"start":{"line":30,"column":27},"end":{"line":43,"column":null}},"4":{"start":{"line":46,"column":37},"end":{"line":51,"column":null}},"5":{"start":{"line":60,"column":0},"end":{"line":165,"column":null}},"6":{"start":{"line":61,"column":20},"end":{"line":61,"column":null}},"7":{"start":{"line":63,"column":2},"end":{"line":164,"column":null}},"8":{"start":{"line":64,"column":17},"end":{"line":64,"column":null}},"9":{"start":{"line":65,"column":17},"end":{"line":65,"column":null}},"10":{"start":{"line":67,"column":4},"end":{"line":67,"column":null}},"11":{"start":{"line":68,"column":4},"end":{"line":68,"column":null}},"12":{"start":{"line":69,"column":4},"end":{"line":69,"column":null}},"13":{"start":{"line":72,"column":26},"end":{"line":72,"column":null}},"14":{"start":{"line":73,"column":4},"end":{"line":73,"column":null}},"15":{"start":{"line":75,"column":50},"end":{"line":75,"column":null}},"16":{"start":{"line":78,"column":4},"end":{"line":86,"column":null}},"17":{"start":{"line":79,"column":6},"end":{"line":79,"column":null}},"18":{"start":{"line":80,"column":6},"end":{"line":85,"column":null}},"19":{"start":{"line":89,"column":41},"end":{"line":99,"column":null}},"20":{"start":{"line":93,"column":32},"end":{"line":96,"column":8}},"21":{"start":{"line":101,"column":4},"end":{"line":106,"column":null}},"22":{"start":{"line":109,"column":34},"end":{"line":113,"column":null}},"23":{"start":{"line":115,"column":4},"end":{"line":115,"column":null}},"24":{"start":{"line":118,"column":18},"end":{"line":122,"column":null}},"25":{"start":{"line":124,"column":20},"end":{"line":124,"column":null}},"26":{"start":{"line":125,"column":4},"end":{"line":125,"column":null}},"27":{"start":{"line":126,"column":4},"end":{"line":126,"column":null}},"28":{"start":{"line":128,"column":4},"end":{"line":132,"column":null}},"29":{"start":{"line":134,"column":20},"end":{"line":134,"column":null}},"30":{"start":{"line":135,"column":4},"end":{"line":135,"column":null}},"31":{"start":{"line":138,"column":4},"end":{"line":150,"column":null}},"32":{"start":{"line":139,"column":6},"end":{"line":139,"column":null}},"33":{"start":{"line":140,"column":6},"end":{"line":149,"column":null}},"34":{"start":{"line":143,"column":48},"end":{"line":146,"column":12}},"35":{"start":{"line":154,"column":6},"end":{"line":154,"column":null}},"36":{"start":{"line":156,"column":4},"end":{"line":156,"column":null}},"37":{"start":{"line":158,"column":4},"end":{"line":163,"column":null}},"38":{"start":{"line":171,"column":0},"end":{"line":177,"column":null}},"39":{"start":{"line":172,"column":2},"end":{"line":176,"column":null}}},"fnMap":{"0":{"name":"(anonymous_0)","decl":{"start":{"line":60,"column":40},"end":{"line":60,"column":47}},"loc":{"start":{"line":60,"column":53},"end":{"line":165,"column":1}},"line":60},"1":{"name":"(anonymous_1)","decl":{"start":{"line":93,"column":24},"end":{"line":93,"column":25}},"loc":{"start":{"line":93,"column":32},"end":{"line":96,"column":8}},"line":93},"2":{"name":"(anonymous_2)","decl":{"start":{"line":143,"column":36},"end":{"line":143,"column":37}},"loc":{"start":{"line":143,"column":48},"end":{"line":146,"column":12}},"line":143},"3":{"name":"(anonymous_3)","decl":{"start":{"line":171,"column":31},"end":{"line":171,"column":38}},"loc":{"start":{"line":171,"column":44},"end":{"line":177,"column":1}},"line":171}},"branchMap":{"0":{"loc":{"start":{"line":78,"column":4},"end":{"line":86,"column":null}},"type":"if","locations":[{"start":{"line":78,"column":4},"end":{"line":86,"column":null}},{"start":{},"end":{}}],"line":78},"1":{"loc":{"start":{"line":91,"column":14},"end":{"line":91,"column":null}},"type":"binary-expr","locations":[{"start":{"line":91,"column":14},"end":{"line":91,"column":37}},{"start":{"line":91,"column":37},"end":{"line":91,"column":null}}],"line":91},"2":{"loc":{"start":{"line":105,"column":16},"end":{"line":105,"column":null}},"type":"binary-expr","locations":[{"start":{"line":105,"column":16},"end":{"line":105,"column":42}},{"start":{"line":105,"column":42},"end":{"line":105,"column":null}}],"line":105},"3":{"loc":{"start":{"line":138,"column":4},"end":{"line":150,"column":null}},"type":"if","locations":[{"start":{"line":138,"column":4},"end":{"line":150,"column":null}},{"start":{},"end":{}}],"line":138},"4":{"loc":{"start":{"line":154,"column":6},"end":{"line":154,"column":null}},"type":"cond-expr","locations":[{"start":{"line":154,"column":31},"end":{"line":154,"column":47}},{"start":{"line":154,"column":47},"end":{"line":154,"column":null}}],"line":154}},"s":{"0":0,"1":0,"2":0,"3":0,"4":0,"5":0,"6":0,"7":0,"8":0,"9":0,"10":0,"11":0,"12":0,"13":0,"14":0,"15":0,"16":0,"17":0,"18":0,"19":0,"20":0,"21":0,"22":0,"23":0,"24":0,"25":0,"26":0,"27":0,"28":0,"29":0,"30":0,"31":0,"32":0,"33":0,"34":0,"35":0,"36":0,"37":0,"38":0,"39":0},"f":{"0":0,"1":0,"2":0,"3":0},"b":{"0":[0,0],"1":[0,0],"2":[0,0],"3":[0,0],"4":[0,0]},"meta":{"lastBranch":5,"lastFunction":4,"lastStatement":40,"seen":{"s:16:31:16:Infinity":0,"s:19:0:19:Infinity":1,"s:22:24:27:Infinity":2,"s:30:27:43:Infinity":3,"s:46:37:51:Infinity":4,"s:60:0:165:Infinity":5,"f:60:40:60:47":0,"s:61:20:61:Infinity":6,"s:63:2:164:Infinity":7,"s:64:17:64:Infinity":8,"s:65:17:65:Infinity":9,"s:67:4:67:Infinity":10,"s:68:4:68:Infinity":11,"s:69:4:69:Infinity":12,"s:72:26:72:Infinity":13,"s:73:4:73:Infinity":14,"s:75:50:75:Infinity":15,"b:78:4:86:Infinity:undefined:undefined:undefined:undefined":0,"s:78:4:86:Infinity":16,"s:79:6:79:Infinity":17,"s:80:6:85:Infinity":18,"s:89:41:99:Infinity":19,"b:91:14:91:37:91:37:91:Infinity":1,"f:93:24:93:25":1,"s:93:32:96:8":20,"s:101:4:106:Infinity":21,"b:105:16:105:42:105:42:105:Infinity":2,"s:109:34:113:Infinity":22,"s:115:4:115:Infinity":23,"s:118:18:122:Infinity":24,"s:124:20:124:Infinity":25,"s:125:4:125:Infinity":26,"s:126:4:126:Infinity":27,"s:128:4:132:Infinity":28,"s:134:20:134:Infinity":29,"s:135:4:135:Infinity":30,"b:138:4:150:Infinity:undefined:undefined:undefined:undefined":3,"s:138:4:150:Infinity":31,"s:139:6:139:Infinity":32,"s:140:6:149:Infinity":33,"f:143:36:143:37":2,"s:143:48:146:12":34,"s:154:6:154:Infinity":35,"b:154:31:154:47:154:47:154:Infinity":4,"s:156:4:156:Infinity":36,"s:158:4:163:Infinity":37,"s:171:0:177:Infinity":38,"f:171:31:171:38":3,"s:172:2:176:Infinity":39}}},"/Users/viral/Projects/Personal/plukd/packages/backend/src/lib/ai/process.ts":{"path":"/Users/viral/Projects/Personal/plukd/packages/backend/src/lib/ai/process.ts","statementMap":{"0":{"start":{"line":37,"column":44},"end":{"line":37,"column":null}},"1":{"start":{"line":40,"column":2},"end":{"line":50,"column":null}},"2":{"start":{"line":41,"column":4},"end":{"line":49,"column":null}},"3":{"start":{"line":42,"column":6},"end":{"line":45,"column":null}},"4":{"start":{"line":48,"column":6},"end":{"line":48,"column":null}},"5":{"start":{"line":52,"column":2},"end":{"line":52,"column":null}},"6":{"start":{"line":86,"column":8},"end":{"line":86,"column":null}},"7":{"start":{"line":87,"column":20},"end":{"line":87,"column":null}},"8":{"start":{"line":90,"column":8},"end":{"line":90,"column":null}},"9":{"start":{"line":93,"column":2},"end":{"line":103,"column":null}},"10":{"start":{"line":94,"column":21},"end":{"line":94,"column":null}},"11":{"start":{"line":96,"column":23},"end":{"line":100,"column":null}},"12":{"start":{"line":102,"column":4},"end":{"line":102,"column":null}},"13":{"start":{"line":106,"column":21},"end":{"line":110,"column":null}},"14":{"start":{"line":112,"column":2},"end":{"line":112,"column":null}},"15":{"start":{"line":148,"column":8},"end":{"line":148,"column":null}},"16":{"start":{"line":149,"column":20},"end":{"line":149,"column":null}},"17":{"start":{"line":152,"column":8},"end":{"line":152,"column":null}},"18":{"start":{"line":155,"column":2},"end":{"line":165,"column":null}},"19":{"start":{"line":156,"column":21},"end":{"line":156,"column":null}},"20":{"start":{"line":158,"column":23},"end":{"line":162,"column":null}},"21":{"start":{"line":164,"column":4},"end":{"line":164,"column":null}},"22":{"start":{"line":168,"column":21},"end":{"line":172,"column":null}},"23":{"start":{"line":174,"column":2},"end":{"line":174,"column":null}},"24":{"start":{"line":194,"column":8},"end":{"line":194,"column":null}},"25":{"start":{"line":196,"column":21},"end":{"line":200,"column":null}},"26":{"start":{"line":203,"column":2},"end":{"line":208,"column":null}},"27":{"start":{"line":204,"column":4},"end":{"line":207,"column":null}},"28":{"start":{"line":204,"column":96},"end":{"line":207,"column":6}},"29":{"start":{"line":211,"column":8},"end":{"line":214,"column":null}},"30":{"start":{"line":216,"column":2},"end":{"line":220,"column":null}},"31":{"start":{"line":217,"column":4},"end":{"line":217,"column":null}},"32":{"start":{"line":218,"column":2},"end":{"line":220,"column":null}},"33":{"start":{"line":219,"column":4},"end":{"line":219,"column":null}},"34":{"start":{"line":222,"column":2},"end":{"line":222,"column":null}},"35":{"start":{"line":261,"column":19},"end":{"line":261,"column":null}},"36":{"start":{"line":262,"column":8},"end":{"line":262,"column":null}},"37":{"start":{"line":264,"column":2},"end":{"line":269,"column":null}},"38":{"start":{"line":265,"column":4},"end":{"line":268,"column":null}},"39":{"start":{"line":272,"column":25},"end":{"line":272,"column":null}},"40":{"start":{"line":275,"column":24},"end":{"line":275,"column":null}},"41":{"start":{"line":278,"column":27},"end":{"line":278,"column":null}},"42":{"start":{"line":279,"column":27},"end":{"line":279,"column":null}},"43":{"start":{"line":281,"column":2},"end":{"line":307,"column":null}},"44":{"start":{"line":282,"column":4},"end":{"line":306,"column":null}},"45":{"start":{"line":283,"column":6},"end":{"line":283,"column":null}},"46":{"start":{"line":284,"column":29},"end":{"line":284,"column":null}},"47":{"start":{"line":287,"column":33},"end":{"line":287,"column":null}},"48":{"start":{"line":288,"column":29},"end":{"line":288,"column":null}},"49":{"start":{"line":290,"column":6},"end":{"line":302,"column":null}},"50":{"start":{"line":291,"column":8},"end":{"line":294,"column":null}},"51":{"start":{"line":295,"column":8},"end":{"line":295,"column":null}},"52":{"start":{"line":296,"column":8},"end":{"line":296,"column":null}},"53":{"start":{"line":298,"column":8},"end":{"line":301,"column":null}},"54":{"start":{"line":305,"column":6},"end":{"line":305,"column":null}},"55":{"start":{"line":310,"column":2},"end":{"line":319,"column":null}},"56":{"start":{"line":341,"column":2},"end":{"line":353,"column":null}},"57":{"start":{"line":341,"column":21},"end":{"line":341,"column":24}},"58":{"start":{"line":342,"column":4},"end":{"line":352,"column":null}},"59":{"start":{"line":343,"column":6},"end":{"line":343,"column":null}},"60":{"start":{"line":345,"column":6},"end":{"line":345,"column":null}},"61":{"start":{"line":347,"column":6},"end":{"line":351,"column":null}},"62":{"start":{"line":349,"column":22},"end":{"line":349,"column":null}},"63":{"start":{"line":350,"column":8},"end":{"line":350,"column":null}},"64":{"start":{"line":350,"column":39},"end":{"line":350,"column":65}},"65":{"start":{"line":355,"column":2},"end":{"line":357,"column":null}}},"fnMap":{"0":{"name":"buildMultimodalMessage","decl":{"start":{"line":33,"column":9},"end":{"line":33,"column":null}},"loc":{"start":{"line":36,"column":18},"end":{"line":53,"column":null}},"line":36},"1":{"name":"classifyContent","decl":{"start":{"line":81,"column":22},"end":{"line":81,"column":null}},"loc":{"start":{"line":84,"column":33},"end":{"line":113,"column":null}},"line":84},"2":{"name":"summarizeContent","decl":{"start":{"line":142,"column":22},"end":{"line":142,"column":null}},"loc":{"start":{"line":146,"column":32},"end":{"line":175,"column":null}},"line":146},"3":{"name":"extractListItems","decl":{"start":{"line":189,"column":22},"end":{"line":189,"column":null}},"loc":{"start":{"line":192,"column":33},"end":{"line":223,"column":null}},"line":192},"4":{"name":"(anonymous_4)","decl":{"start":{"line":204,"column":62},"end":{"line":204,"column":63}},"loc":{"start":{"line":204,"column":96},"end":{"line":207,"column":6}},"line":204},"5":{"name":"processContent","decl":{"start":{"line":257,"column":22},"end":{"line":257,"column":null}},"loc":{"start":{"line":259,"column":29},"end":{"line":320,"column":null}},"line":259},"6":{"name":"processContentWithRetry","decl":{"start":{"line":335,"column":22},"end":{"line":335,"column":null}},"loc":{"start":{"line":338,"column":29},"end":{"line":358,"column":null}},"line":338},"7":{"name":"(anonymous_7)","decl":{"start":{"line":350,"column":26},"end":{"line":350,"column":27}},"loc":{"start":{"line":350,"column":39},"end":{"line":350,"column":65}},"line":350}},"branchMap":{"0":{"loc":{"start":{"line":93,"column":2},"end":{"line":103,"column":null}},"type":"if","locations":[{"start":{"line":93,"column":2},"end":{"line":103,"column":null}},{"start":{},"end":{}}],"line":93},"1":{"loc":{"start":{"line":155,"column":2},"end":{"line":165,"column":null}},"type":"if","locations":[{"start":{"line":155,"column":2},"end":{"line":165,"column":null}},{"start":{},"end":{}}],"line":155},"2":{"loc":{"start":{"line":203,"column":2},"end":{"line":208,"column":null}},"type":"if","locations":[{"start":{"line":203,"column":2},"end":{"line":208,"column":null}},{"start":{},"end":{}}],"line":203},"3":{"loc":{"start":{"line":206,"column":16},"end":{"line":206,"column":null}},"type":"cond-expr","locations":[{"start":{"line":206,"column":25},"end":{"line":206,"column":75}},{"start":{"line":206,"column":75},"end":{"line":206,"column":null}}],"line":206},"4":{"loc":{"start":{"line":213,"column":4},"end":{"line":213,"column":null}},"type":"binary-expr","locations":[{"start":{"line":213,"column":4},"end":{"line":213,"column":33}},{"start":{"line":213,"column":33},"end":{"line":213,"column":null}}],"line":213},"5":{"loc":{"start":{"line":216,"column":2},"end":{"line":220,"column":null}},"type":"if","locations":[{"start":{"line":216,"column":2},"end":{"line":220,"column":null}},{"start":{"line":218,"column":2},"end":{"line":220,"column":null}}],"line":216},"6":{"loc":{"start":{"line":218,"column":2},"end":{"line":220,"column":null}},"type":"if","locations":[{"start":{"line":218,"column":2},"end":{"line":220,"column":null}},{"start":{},"end":{}}],"line":218},"7":{"loc":{"start":{"line":261,"column":38},"end":{"line":261,"column":null}},"type":"cond-expr","locations":[{"start":{"line":261,"column":59},"end":{"line":261,"column":89}},{"start":{"line":261,"column":89},"end":{"line":261,"column":null}}],"line":261},"8":{"loc":{"start":{"line":264,"column":2},"end":{"line":269,"column":null}},"type":"if","locations":[{"start":{"line":264,"column":2},"end":{"line":269,"column":null}},{"start":{},"end":{}}],"line":264},"9":{"loc":{"start":{"line":281,"column":2},"end":{"line":307,"column":null}},"type":"if","locations":[{"start":{"line":281,"column":2},"end":{"line":307,"column":null}},{"start":{},"end":{}}],"line":281},"10":{"loc":{"start":{"line":287,"column":33},"end":{"line":287,"column":null}},"type":"binary-expr","locations":[{"start":{"line":287,"column":33},"end":{"line":287,"column":77}},{"start":{"line":287,"column":77},"end":{"line":287,"column":null}}],"line":287},"11":{"loc":{"start":{"line":288,"column":29},"end":{"line":288,"column":null}},"type":"binary-expr","locations":[{"start":{"line":288,"column":29},"end":{"line":288,"column":74}},{"start":{"line":288,"column":74},"end":{"line":288,"column":null}}],"line":288},"12":{"loc":{"start":{"line":290,"column":6},"end":{"line":302,"column":null}},"type":"if","locations":[{"start":{"line":290,"column":6},"end":{"line":302,"column":null}},{"start":{"line":297,"column":13},"end":{"line":302,"column":null}}],"line":290},"13":{"loc":{"start":{"line":337,"column":2},"end":{"line":337,"column":null}},"type":"default-arg","locations":[{"start":{"line":337,"column":23},"end":{"line":337,"column":null}}],"line":337},"14":{"loc":{"start":{"line":345,"column":18},"end":{"line":345,"column":null}},"type":"cond-expr","locations":[{"start":{"line":345,"column":43},"end":{"line":345,"column":51}},{"start":{"line":345,"column":51},"end":{"line":345,"column":null}}],"line":345},"15":{"loc":{"start":{"line":347,"column":6},"end":{"line":351,"column":null}},"type":"if","locations":[{"start":{"line":347,"column":6},"end":{"line":351,"column":null}},{"start":{},"end":{}}],"line":347}},"s":{"0":0,"1":0,"2":0,"3":0,"4":0,"5":0,"6":0,"7":0,"8":0,"9":0,"10":0,"11":0,"12":0,"13":0,"14":0,"15":0,"16":0,"17":0,"18":0,"19":0,"20":0,"21":0,"22":0,"23":0,"24":0,"25":0,"26":0,"27":0,"28":0,"29":0,"30":0,"31":0,"32":0,"33":0,"34":0,"35":0,"36":0,"37":0,"38":0,"39":0,"40":0,"41":0,"42":0,"43":0,"44":0,"45":0,"46":0,"47":0,"48":0,"49":0,"50":0,"51":0,"52":0,"53":0,"54":0,"55":0,"56":0,"57":0,"58":0,"59":0,"60":0,"61":0,"62":0,"63":0,"64":0,"65":0},"f":{"0":0,"1":0,"2":0,"3":0,"4":0,"5":0,"6":0,"7":0},"b":{"0":[0,0],"1":[0,0],"2":[0,0],"3":[0,0],"4":[0,0],"5":[0,0],"6":[0,0],"7":[0,0],"8":[0,0],"9":[0,0],"10":[0,0],"11":[0,0],"12":[0,0],"13":[0],"14":[0,0],"15":[0,0]},"meta":{"lastBranch":16,"lastFunction":8,"lastStatement":66,"seen":{"f:33:9:33:Infinity":0,"s:37:44:37:Infinity":0,"s:40:2:50:Infinity":1,"s:41:4:49:Infinity":2,"s:42:6:45:Infinity":3,"s:48:6:48:Infinity":4,"s:52:2:52:Infinity":5,"f:81:22:81:Infinity":1,"s:86:8:86:Infinity":6,"s:87:20:87:Infinity":7,"s:90:8:90:Infinity":8,"b:93:2:103:Infinity:undefined:undefined:undefined:undefined":0,"s:93:2:103:Infinity":9,"s:94:21:94:Infinity":10,"s:96:23:100:Infinity":11,"s:102:4:102:Infinity":12,"s:106:21:110:Infinity":13,"s:112:2:112:Infinity":14,"f:142:22:142:Infinity":2,"s:148:8:148:Infinity":15,"s:149:20:149:Infinity":16,"s:152:8:152:Infinity":17,"b:155:2:165:Infinity:undefined:undefined:undefined:undefined":1,"s:155:2:165:Infinity":18,"s:156:21:156:Infinity":19,"s:158:23:162:Infinity":20,"s:164:4:164:Infinity":21,"s:168:21:172:Infinity":22,"s:174:2:174:Infinity":23,"f:189:22:189:Infinity":3,"s:194:8:194:Infinity":24,"s:196:21:200:Infinity":25,"b:203:2:208:Infinity:undefined:undefined:undefined:undefined":2,"s:203:2:208:Infinity":26,"s:204:4:207:Infinity":27,"f:204:62:204:63":4,"s:204:96:207:6":28,"b:206:25:206:75:206:75:206:Infinity":3,"s:211:8:214:Infinity":29,"b:213:4:213:33:213:33:213:Infinity":4,"b:216:2:220:Infinity:218:2:220:Infinity":5,"s:216:2:220:Infinity":30,"s:217:4:217:Infinity":31,"b:218:2:220:Infinity:undefined:undefined:undefined:undefined":6,"s:218:2:220:Infinity":32,"s:219:4:219:Infinity":33,"s:222:2:222:Infinity":34,"f:257:22:257:Infinity":5,"s:261:19:261:Infinity":35,"b:261:59:261:89:261:89:261:Infinity":7,"s:262:8:262:Infinity":36,"b:264:2:269:Infinity:undefined:undefined:undefined:undefined":8,"s:264:2:269:Infinity":37,"s:265:4:268:Infinity":38,"s:272:25:272:Infinity":39,"s:275:24:275:Infinity":40,"s:278:27:278:Infinity":41,"s:279:27:27
[...]
Infinity":11,"b:217:29:217:61:217:61:217:Infinity":12,"s:221:34:224:Infinity":28,"s:226:28:226:Infinity":29,"b:226:40:226:73:226:73:226:Infinity":13,"s:228:36:236:Infinity":30,"s:238:2:309:Infinity":31,"b:246:10:246:28:246:28:246:37":14,"b:251:58:251:77:251:77:251:79":15,"b:294:42:294:Infinity:307:221:307:Infinity":16,"f:320:16:320:Infinity":5,"b:322:27:322:Infinity":17,"s:324:23:324:Infinity":32,"b:324:39:324:68:324:68:324:Infinity":18,"s:325:26:325:Infinity":33,"b:325:42:325:74:325:74:325:Infinity":19,"s:327:2:332:Infinity":34}}},"/Users/viral/Projects/Personal/plukd/packages/backend/src/lib/ai/prompts/classification.ts":{"path":"/Users/viral/Projects/Personal/plukd/packages/backend/src/lib/ai/prompts/classification.ts","statementMap":{"0":{"start":{"line":30,"column":30},"end":{"line":47,"column":null}},"1":{"start":{"line":53,"column":19},"end":{"line":53,"column":null}},"2":{"start":{"line":58,"column":37},"end":{"line":58,"column":null}},"3":{"start":{"line":59,"column":34},"end":{"line":59,"column":null}},"4":{"start":{"line":79,"column":22},"end":{"line":79,"column":null}},"5":{"start":{"line":80,"column":29},"end":{"line":80,"column":null}},"6":{"start":{"line":83,"column":26},"end":{"line":83,"column":null}},"7":{"start":{"line":84,"column":2},"end":{"line":84,"column":null}},"8":{"start":{"line":84,"column":35},"end":{"line":84,"column":null}},"9":{"start":{"line":87,"column":24},"end":{"line":87,"column":null}},"10":{"start":{"line":88,"column":2},"end":{"line":88,"column":null}},"11":{"start":{"line":88,"column":33},"end":{"line":88,"column":null}},"12":{"start":{"line":91,"column":25},"end":{"line":91,"column":null}},"13":{"start":{"line":92,"column":25},"end":{"line":92,"column":null}},"14":{"start":{"line":93,"column":2},"end":{"line":93,"column":null}},"15":{"start":{"line":93,"column":34},"end":{"line":93,"column":null}},"16":{"start":{"line":96,"column":28},"end":{"line":96,"column":null}},"17":{"start":{"line":97,"column":28},"end":{"line":97,"column":null}},"18":{"start":{"line":98,"column":2},"end":{"line":98,"column":null}},"19":{"start":{"line":98,"column":36},"end":{"line":98,"column":null}},"20":{"start":{"line":101,"column":27},"end":{"line":101,"column":null}},"21":{"start":{"line":102,"column":27},"end":{"line":102,"column":null}},"22":{"start":{"line":103,"column":2},"end":{"line":103,"column":null}},"23":{"start":{"line":103,"column":36},"end":{"line":103,"column":null}},"24":{"start":{"line":106,"column":29},"end":{"line":106,"column":null}},"25":{"start":{"line":107,"column":24},"end":{"line":107,"column":null}},"26":{"start":{"line":110,"column":32},"end":{"line":114,"column":null}},"27":{"start":{"line":117,"column":29},"end":{"line":117,"column":null}},"28":{"start":{"line":120,"column":23},"end":{"line":120,"column":null}},"29":{"start":{"line":121,"column":21},"end":{"line":121,"column":null}},"30":{"start":{"line":122,"column":46},"end":{"line":122,"column":null}},"31":{"start":{"line":124,"column":2},"end":{"line":136,"column":null}},"32":{"start":{"line":126,"column":4},"end":{"line":126,"column":null}},"33":{"start":{"line":127,"column":4},"end":{"line":127,"column":null}},"34":{"start":{"line":128,"column":2},"end":{"line":136,"column":null}},"35":{"start":{"line":130,"column":4},"end":{"line":130,"column":null}},"36":{"start":{"line":131,"column":4},"end":{"line":131,"column":null}},"37":{"start":{"line":132,"column":2},"end":{"line":136,"column":null}},"38":{"start":{"line":134,"column":4},"end":{"line":134,"column":null}},"39":{"start":{"line":135,"column":4},"end":{"line":135,"column":null}},"40":{"start":{"line":138,"column":2},"end":{"line":143,"column":null}},"41":{"start":{"line":150,"column":2},"end":{"line":158,"column":null}},"42":{"start":{"line":151,"column":19},"end":{"line":151,"column":null}},"43":{"start":{"line":152,"column":4},"end":{"line":155,"column":null}},"44":{"start":{"line":154,"column":8},"end":{"line":154,"column":null}},"45":{"start":{"line":157,"column":4},"end":{"line":157,"column":null}},"46":{"start":{"line":166,"column":2},"end":{"line":168,"column":null}},"47":{"start":{"line":167,"column":4},"end":{"line":167,"column":null}},"48":{"start":{"line":170,"column":2},"end":{"line":170,"column":null}},"49":{"start":{"line":177,"column":2},"end":{"line":192,"column":null}},"50":{"start":{"line":179,"column":6},"end":{"line":179,"column":null}},"51":{"start":{"line":181,"column":6},"end":{"line":181,"column":null}},"52":{"start":{"line":183,"column":6},"end":{"line":183,"column":null}},"53":{"start":{"line":185,"column":6},"end":{"line":185,"column":null}},"54":{"start":{"line":187,"column":6},"end":{"line":187,"column":null}},"55":{"start":{"line":189,"column":6},"end":{"line":189,"column":null}},"56":{"start":{"line":191,"column":6},"end":{"line":191,"column":null}},"57":{"start":{"line":199,"column":2},"end":{"line":199,"column":null}},"58":{"start":{"line":224,"column":23},"end":{"line":224,"column":null}},"59":{"start":{"line":225,"column":18},"end":{"line":225,"column":null}},"60":{"start":{"line":226,"column":22},"end":{"line":226,"column":null}},"61":{"start":{"line":229,"column":19},"end":{"line":229,"column":null}},"62":{"start":{"line":230,"column":21},"end":{"line":230,"column":null}},"63":{"start":{"line":233,"column":26},"end":{"line":235,"column":null}},"64":{"start":{"line":236,"column":27},"end":{"line":236,"column":null}},"65":{"start":{"line":239,"column":28},"end":{"line":241,"column":null}},"66":{"start":{"line":243,"column":37},"end":{"line":248,"column":null}},"67":{"start":{"line":250,"column":21},"end":{"line":250,"column":null}},"68":{"start":{"line":252,"column":2},"end":{"line":274,"column":null}},"69":{"start":{"line":303,"column":19},"end":{"line":303,"column":null}},"70":{"start":{"line":304,"column":21},"end":{"line":304,"column":null}},"71":{"start":{"line":306,"column":26},"end":{"line":308,"column":null}},"72":{"start":{"line":310,"column":2},"end":{"line":313,"column":null}}},"fnMap":{"0":{"name":"detectListIndicators","decl":{"start":{"line":78,"column":16},"end":{"line":78,"column":37}},"loc":{"start":{"line":78,"column":70},"end":{"line":144,"column":null}},"line":78},"1":{"name":"isTrustedImageUrl","decl":{"start":{"line":149,"column":9},"end":{"line":149,"column":27}},"loc":{"start":{"line":149,"column":49},"end":{"line":159,"column":null}},"line":149},"2":{"name":"(anonymous_2)","decl":{"start":{"line":153,"column":6},"end":{"line":153,"column":7}},"loc":{"start":{"line":154,"column":8},"end":{"line":154,"column":null}},"line":154},"3":{"name":"getValidImageUrls","decl":{"start":{"line":165,"column":16},"end":{"line":165,"column":34}},"loc":{"start":{"line":165,"column":66},"end":{"line":171,"column":null}},"line":165},"4":{"name":"getSourceHints","decl":{"start":{"line":176,"column":9},"end":{"line":176,"column":24}},"loc":{"start":{"line":176,"column":55},"end":{"line":193,"column":null}},"line":176},"5":{"name":"getImageAnalysisHints","decl":{"start":{"line":198,"column":9},"end":{"line":198,"column":41}},"loc":{"start":{"line":198,"column":41},"end":{"line":207,"column":null}},"line":198},"6":{"name":"buildClassificationPrompt","decl":{"start":{"line":219,"column":16},"end":{"line":219,"column":null}},"loc":{"start":{"line":223,"column":10},"end":{"line":289,"column":null}},"line":223},"7":{"name":"prepareForClassification","decl":{"start":{"line":299,"column":16},"end":{"line":299,"column":null}},"loc":{"start":{"line":302,"column":20},"end":{"line":314,"column":null}},"line":302}},"branchMap":{"0":{"loc":{"start":{"line":83,"column":26},"end":{"line":83,"column":null}},"type":"binary-expr","locations":[{"start":{"line":83,"column":26},"end":{"line":83,"column":92}},{"start":{"line":83,"column":92},"end":{"line":83,"column":null}}],"line":83},"1":{"loc":{"start":{"line":84,"column":2},"end":{"line":84,"column":null}},"type":"if","locations":[{"start":{"line":84,"column":2},"end":{"line":84,"column":null}},{"start":{},"end":{}}],"line":84},"2":{"loc":{"start":{"line":87,"column":24},"end":{"line":87,"column":null}},"type":"binary-expr","locations":[{"start":{"line":87,"column":24},"end":{"line":87,"column":75}},{"start":{"line":87,"column":75},"end":{"line":87,"column":null}}],"line":87},"3":{"loc":{"start":{"line":88,"column":2},"end":{"line":88,"column":null}},"type":"if","locations":[{"start":{"line":88,"column":2},"end":{"line":88,"column":null}},{"start":{},"end":{}}],"line":88},"4":{"loc":{"start":{"line":92,"column":25},"end":{"line":92,"column":null}},"type":"binary-expr","locations":[{"start":{"line":92,"column":25},"end":{"line":92,"column":62}},{"start":{"line":92,"column":62},"end":{"line":92,"column":null}}],"line":92},"5":{"loc":{"start":{"line":93,"column":2},"end":{"line":93,"column":null}},"type":"if","locations":[{"start":{"line":93,"column":2},"end":{"line":93,"column":null}},{"start":{},"end":{}}],"line":93},"6":{"loc":{"start":{"line":97,"column":28},"end":{"line":97,"column":null}},"type":"binary-expr","locations":[{"start":{"line":97,"column":28},"end":{"line":97,"column":68}},{"start":{"line":97,"column":68},"end":{"line":97,"column":null}}],"line":97},"7":{"loc":{"start":{"line":98,"column":2},"end":{"line":98,"column":null}},"type":"if","locations":[{"start":{"line":98,"column":2},"end":{"line":98,"column":null}},{"start":{},"end":{}}],"line":98},"8":{"loc":{"start":{"line":102,"column":27},"end":{"line":102,"column":null}},"type":"binary-expr","locations":[{"start":{"line":102,"column":27},"end":{"line":102,"column":66}},{"start":{"line":102,"column":66},"end":{"line":102,"column":null}}],"line":102},"9":{"loc":{"start":{"line":103,"column":2},"end":{"line":103,"column":null}},"type":"if","locations":[{"start":{"line":103,"column":2},"end":{"line":103,"column":null}},{"start":{},"end":{}}],"line":103},"10":{"loc":{"start":{"line":107,"column":24},"end":{"line":107,"column":null}},"type":"cond-expr","locations":[{"start":{"line":107,"column":45},"end":{"line":107,"column":83}},{"start":{"line":107,"column":83},"end":{"line":107,"column":null}}],"line":107},"11":{"loc":{"start":{"line":117,"column":29},"end":{"line":117,"column":null}},"type":"cond-expr","locations":[{"start":{"line":117,"column":49},"end":{"line":117,"column":65}},{"start":{"line":117,"column":65},"end":{"line":117,"column":null}}],"line":117},"12":{"loc":{"start":{"line":124,"column":2},"end":{"line":136,"column":null}},"type":"if","locations":[{"start":{"line":124,"column":2},"end":{"line":136,"column":null}},{"start":{"line":128,"column":2},"end":{"line":136,"column":null}}],"line":124},"13":{"loc":{"start":{"line":124,"column":6},"end":{"line":124,"column":63}},"type":"binary-expr","locations":[{"start":{"line":124,"column":6},"end":{"line":124,"column":43}},{"start":{"line":124,"column":43},"end":{"line":124,"column":63}}],"line":124},"14":{"loc":{"start":{"line":128,"column":2},"end":{"line":136,"column":null}},"type":"if","locations":[{"start":{"line":128,"column":2},"end":{"line":136,"column":null}},{"start":{"line":132,"column":2},"end":{"line":136,"column":null}}],"line":128},"15":{"loc":{"start":{"line":128,"column":13},"end":{"line":128,"column":62}},"type":"binary-expr","locations":[{"start":{"line":128,"column":13},"end":{"line":128,"column":34}},{"start":{"line":128,"column":34},"end":{"line":128,"column":62}}],"line":128},"16":{"loc":{"start":{"line":132,"column":2},"end":{"line":136,"column":null}},"type":"if","locations":[{"start":{"line":132,"column":2},"end":{"line":136,"column":null}},{"start":{},"end":{}}],"line":132},"17":{"loc":{"start":{"line":132,"column":13},"end":{"line":132,"column":63}},"type":"binary-expr","locations":[{"start":{"line":132,"column":13},"end":{"line":132,"column":35}},{"start":{"line":132,"column":35},"end":{"line":132,"column":63}}],"line":132},"18":{"loc":{"start":{"line":154,"column":8},"end":{"line":154,"column":null}},"type":"binary-expr","locations":[{"start":{"line":154,"column":8},"end":{"line":154,"column":38}},{"start":{"line":154,"column":38},"end":{"line":154,"column":null}}],"line":154},"19":{"loc":{"start":{"line":166,"column":2},"end":{"line":168,"column":null}},"type":"if","locations":[{"start":{"line":166,"column":2},"end":{"line":168,"column":null}},{"start":{},"end":{}}],"line":166},"20":{"loc":{"start":{"line":166,"column":6},"end":{"line":166,"column":44}},"type":"binary-expr","locations":[{"start":{"line":166,"column":6},"end":{"line":166,"column":20}},{"start":{"line":166,"column":20},"end":{"line":166,"column":44}}],"line":166},"21":{"loc":{"start":{"line":177,"column":2},"end":{"line":192,"column":null}},"type":"switch","locations":[{"start":{"line":178,"column":4},"end":{"line":179,"column":null}},{"start":{"line":180,"column":4},"end":{"line":181,"column":null}},{"start":{"line":182,"column":4},"end":{"line":183,"column":null}},{"start":{"line":184,"column":4},"end":{"line":185,"column":null}},{"start":{"line":186,"column":4},"end":{"line":187,"column":null}},{"start":{"line":188,"column":4},"end":{"line":189,"column":null}},{"start":{"line":190,"column":4},"end":{"line":191,"column":null}}],"line":177},"22":{"loc":{"start":{"line":229,"column":38},"end":{"line":229,"column":null}},"type":"cond-expr","locations":[{"start":{"line":229,"column":59},"end":{"line":229,"column":89}},{"start":{"line":229,"column":89},"end":{"line":229,"column":null}}],"line":229},"23":{"loc":{"start":{"line":230,"column":21},"end":{"line":230,"column":null}},"type":"binary-expr","locations":[{"start":{"line":230,"column":21},"end":{"line":230,"column":39}},{"start":{"line":230,"column":39},"end":{"line":230,"column":null}}],"line":230},"24":{"loc":{"start":{"line":233,"column":26},"end":{"line":235,"column":null}},"type":"cond-expr","locations":[{"start":{"line":234,"column":6},"end":{"line":234,"column":null}},{"start":{"line":235,"column":6},"end":{"line":235,"column":null}}],"line":233},"25":{"loc":{"start":{"line":239,"column":28},"end":{"line":241,"column":null}},"type":"cond-expr","locations":[{"start":{"line":240,"column":6},"end":{"line":240,"column":null}},{"start":{"line":241,"column":6},"end":{"line":241,"column":null}}],"line":239},"26":{"loc":{"start":{"line":250,"column":21},"end":{"line":250,"column":null}},"type":"cond-expr","locations":[{"start":{"line":250,"column":33},"end":{"line":250,"column":59}},{"start":{"line":250,"column":59},"end":{"line":250,"column":null}}],"line":250},"27":{"loc":{"start":{"line":259,"column":18},"end":{"line":259,"column":60}},"type":"cond-expr","locations":[{"start":{"line":259,"column":50},"end":{"line":259,"column":58}},{"start":{"line":259,"column":58},"end":{"line":259,"column":60}}],"line":259},"28":{"loc":{"start":{"line":303,"column":38},"end":{"line":303,"column":null}},"type":"cond-expr","locations":[{"start":{"line":303,"column":59},"end":{"line":303,"column":89}},{"start":{"line":303,"column":89},"end":{"line":303,"column":null}}],"line":303},"29":{"loc":{"start":{"line":304,"column":21},"end":{"line":304,"column":null}},"type":"binary-expr","locations":[{"start":{"line":304,"column":21},"end":{"line":304,"column":39}},{"start":{"line":304,"column":39},"end":{"line":304,"column":null}}],"line":304},"30":{"loc":{"start":{"line":306,"column":26},"end":{"line":308,"column":null}},"type":"cond-expr","locations":[{"start":{"line":307,"column":6},"end":{"line":307,"column":null}},{"start":{"line":308,"column":6},"end":{"line":308,"column":null}}],"line":306}},"s":{"0":0,"1":0,"2":0,"3":0,"4":0,"5":0,"6":0,"7":0,"8":0,"9":0,"10":0,"11":0,"12":0,"13":0,"14":0,"15":0,"16":0,"17":0,"18":0,"19":0,"20":0,"21":0,"22":0,"23":0,"24":0,"25":0,"26":0,"27":0,"28":0,"29":0,"30":0,"31":0,"32":0,"33":0,"34":0,"35":0,"36":0,"37":0,"38":0,"39":0,"40":0,"41":0,"42":0,"43":0,"44":0,"45":0,"46":0,"47":0,"48":0,"49":0,"50":0,"51":0,"52":0,"53":0,"54":0,"55":0,"56":0,"57":0,"58":0,"59":0,"60":0,"61":0,"62":0,"63":0,"64":0,"65":0,"66":0,"67":0,"68":0,"69":0,"70":0,"71":0,"72":0},"f":{"0":0,"1":0,"2":0,"3":0,"4":0,"5":0,"6":0,"7":0},"b":{"0":[0,0],"1":[0,0],"2":[0,0],"3":[0,0],"4":[0,0],"5":[0,0],"6":[0,0],"7":[0,0],"8":[0,0],"9":[0,0],"10":[0,0],"11":[0,0],"12":[0,0],"13":[0,0],"14":[0,0],"15":[0,0],"16":[0,0],"17":[0,0],"18":[0,0],"19":[0,0],"20":[0,0],"21":[0,0,0,0,0,0,0],"22":[0,0],"23":[0,0],"24":[0,0],"25":[0,0],"26":[0,0],"27":[0,0],"28":[0,0],"29":[0,0],"30":[0,0]},"meta":{"lastBranch":31,"lastFunction":8,"lastStatement":73,"seen":{"s:30:30:47:Infinity":0,"s:53:19:53:Infinity":1,"s:58:37:58:Infinity":2,"s:59:34:59:Infinity":3,"f:78:16:78:37":0,"s:79:22:79:Infinity":4,"s:80:29:80:Infinity":5,"s:83:26:83:Infinity":6,"b:83:26:83:92:83:92:83:Infinity":0,"b:84:2:84:Infinity:undefined:undefined:undefined:undefined":1,"s:84:2:84:Infinity":7,"s:84:35:84:Infinity":8,"s:87:24:87:Infinity":9,"b:87:24:87:75:87:75:87:Infinity":2,"b:88:2:88:Infinity:undefined:undefined:undefined:undefined":3,"s:88:2:88:Infinity":10,"s:88:33:88:Infinity":11,"s:91:25:91:Infinity":12,"s:92:25:92:Infinity":13,"b:92:25:92:62:92:62:92:Infinity":4,"b:93:2:93:Infinity:undefined:undefined:undefined:undefined":5,"s:93:2:93:Infinity":14,"s:93:34:93:Infinity":15,"s:96:28:96:Infinity":16,"s:97:28:97:Infinity":17,"b:97:28:97:68:97:68:97:Infinity":6,"b:98:2:98:Infinity:undefined:undefined:undefined:undefined":7,"s:98:2:98:Infinity":18,"s:98:36:98:Infinity":19,"s:101:27:101:Infinity":20,"s:102:27:102:Infinity":21,"b:102:27:102:66:102:66:102:Infinity":8,"b:103:2:103:Infinity:undefined:undefined:undefined:undefined":9,"s:103:2:103:Infinity":22,"s:103:36:103:Infinity":23,"s:106:29:106:Infinity":24,"s:107:24:107:Infinity":25,"b:107:45:107:83:107:83:107:Infinity":10,"s:110:32:114:Infinity":26,"s:117:29:117:Infinity":27,"b:117:49:117:65:117:65:117:Infinity":11,"s:120:23:120:Infinity":28,"s:121:21:121:Infinity":29,"s:122:46:122:Infinity":30,"b:124:2:136:Infinity:128:2:136:Infinity":12,"s:124:2:136:Infinity":31,"b:124:6:124:43:124:43:124:63":13,"s:126:4:126:Infinity":32,"s:127:4:127:Infinity":33,"b:128:2:136:Infinity:132:2:136:Infinity":14,"s:128:2:136:Infinity":34,"b:128:13:128:34:128:34:128:62":15,"s:130:4:130:Infinity":35,"s:131:4:131:Infinity":36,"b:132:2:136:Infinity:undefined:undefined:undefined:undefined":16,"s:132:2:136:Infinity":37,"b:132:13:132:35:132:35:132:63":17,"s:134:4:134:Infinity":38,"s:135:4:135:Infinity":39,"s:138:2:143:Infinity":40,"f:149:9:149:27":1,"s:150:2:158:Infinity":41,"s:151:19:151:Infinity":42,"s:152:4:155:Infinity":43,"f:153:6:153:7":2,"s:154:8:154:Infinity":44,"b:154:8:154:38:154:38:154:Infinity":18,"s:157:4:157:Infinity":45,"f:165:16:165:34":3,"b:166:2:168:Infinity:undefined:undefined:undefined:undefined":19,"s:166:2:168:Infinity":46,"b:166:6:166:20:166:20:166:44":20,"s:167:4:167:Infinity":47,"s:170:2:170:Infinity":48,"f:176:9:176:24":4,"b:178:4:179:Infinity:180:4:181:Infinity:182:4:183:Infinity:184:4:185:Infinity:186:4:187:Infinity:188:4:189:Infinity:190:4:191:Infinity":21,"s:177:2:192:Infinity":49,"s:179:6:179:Infinity":50,"s:181:6:181:Infinity":51,"s:183:6:183:Infinity":52,"s:185:6:185:Infinity":53,"s:187:6:187:Infinity":54,"s:189:6:189:Infinity":55,"s:191:6:191:Infinity":56,"f:198:9:198:41":5,"s:199:2:199:Infinity":57,"f:219:16:219:Infinity":6,"s:224:23:224:Infinity":58,"s:225:18:225:Infinity":59,"s:226:22:226:Infinity":60,"s:229:19:229:Infinity":61,"b:229:59:229:89:229:89:229:Infinity":22,"s:230:21:230:Infinity":62,"b:230:21:230:39:230:39:230:Infinity":23,"s:233:26:235:Infinity":63,"b:234:6:234:Infinity:235:6:235:Infinity":24,"s:236:27:236:Infinity":64,"s:239:28:241:Infinity":65,"b:240:6:240:Infinity:241:6:241:Infinity":25,"s:243:37:248:Infinity":66,"s:250:21:250:Infinity":67,"b:250:33:250:59:250:59:250:Infinity":26,"s:252:2:274:Infinity":68,"b:259:50:259:58:259:58:259:60":27,"f:299:16:299:Infinity":7,"s:303:19:303:Infinity":69,"b:303:59:303:89:303:89:303:Infinity":28,"s:304:21:304:Infinity":70,"b:304:21:304:39:304:39:304:Infinity":29,"s:306:26:308:Infinity":71,"b:307:6:307:Infinity:308:6:308:Infinity":30,"s:310:2:313:Infinity":72}}}}}